2019-11-24 22:52:19,486  INFO [main] LoginTest:31 - Browser is launching
2019-11-24 22:52:27,654  INFO [main] LoginTest:35 - setUp confg
2019-11-24 22:52:31,390  INFO [main] LoginTest:41 - Login test logs: correct pass ans user
2019-11-25 19:38:20,101  INFO [main] LoginTest:31 - Browser is launching
2019-11-25 19:38:20,810 DEBUG [main] RequestAddCookies:123 - CookieSpec selected: standard
2019-11-25 19:38:20,820 DEBUG [main] RequestAuthCache:77 - Auth cache not set in the context
2019-11-25 19:38:20,821 DEBUG [main] PoolingHttpClientConnectionManager:265 - Connection request: [route: {s}->https://raw.githubusercontent.com:443][total kept alive: 0; route allocated: 0 of 2; total allocated: 0 of 20]
2019-11-25 19:38:20,842 DEBUG [main] PoolingHttpClientConnectionManager:309 - Connection leased: [id: 0][route: {s}->https://raw.githubusercontent.com:443][total kept alive: 0; route allocated: 1 of 2; total allocated: 1 of 20]
2019-11-25 19:38:20,844 DEBUG [main] MainClientExec:235 - Opening connection {s}->https://raw.githubusercontent.com:443
2019-11-25 19:38:20,867 DEBUG [main] DefaultHttpClientConnectionOperator:139 - Connecting to raw.githubusercontent.com/151.101.208.133:443
2019-11-25 19:38:20,868 DEBUG [main] SSLConnectionSocketFactory:337 - Connecting socket to raw.githubusercontent.com/151.101.208.133:443 with timeout 0
2019-11-25 19:38:20,934 DEBUG [main] SSLConnectionSocketFactory:390 - Enabled protocols: [TLSv1, TLSv1.1, TLSv1.2]
2019-11-25 19:38:20,934 DEBUG [main] SSLConnectionSocketFactory:391 - Enabled cipher suites:[TLS_ECDHE_ECDSA_WITH_AES_256_CBC_SHA384, TLS_ECDHE_RSA_WITH_AES_256_CBC_SHA384, TLS_RSA_WITH_AES_256_CBC_SHA256, TLS_ECDH_ECDSA_WITH_AES_256_CBC_SHA384, TLS_ECDH_RSA_WITH_AES_256_CBC_SHA384, TLS_DHE_RSA_WITH_AES_256_CBC_SHA256, TLS_DHE_DSS_WITH_AES_256_CBC_SHA256, TLS_ECDHE_ECDSA_WITH_AES_256_CBC_SHA, TLS_ECDHE_RSA_WITH_AES_256_CBC_SHA, TLS_RSA_WITH_AES_256_CBC_SHA, TLS_ECDH_ECDSA_WITH_AES_256_CBC_SHA, TLS_ECDH_RSA_WITH_AES_256_CBC_SHA, TLS_DHE_RSA_WITH_AES_256_CBC_SHA, TLS_DHE_DSS_WITH_AES_256_CBC_SHA, TLS_ECDHE_ECDSA_WITH_AES_128_CBC_SHA256, TLS_ECDHE_RSA_WITH_AES_128_CBC_SHA256, TLS_RSA_WITH_AES_128_CBC_SHA256, TLS_ECDH_ECDSA_WITH_AES_128_CBC_SHA256, TLS_ECDH_RSA_WITH_AES_128_CBC_SHA256, TLS_DHE_RSA_WITH_AES_128_CBC_SHA256, TLS_DHE_DSS_WITH_AES_128_CBC_SHA256, TLS_ECDHE_ECDSA_WITH_AES_128_CBC_SHA, TLS_ECDHE_RSA_WITH_AES_128_CBC_SHA, TLS_RSA_WITH_AES_128_CBC_SHA, TLS_ECDH_ECDSA_WITH_AES_128_CBC_SHA, TLS_ECDH_RSA_WITH_AES_128_CBC_SHA, TLS_DHE_RSA_WITH_AES_128_CBC_SHA, TLS_DHE_DSS_WITH_AES_128_CBC_SHA, TLS_ECDHE_ECDSA_WITH_AES_256_GCM_SHA384, TLS_ECDHE_ECDSA_WITH_AES_128_GCM_SHA256, TLS_ECDHE_RSA_WITH_AES_256_GCM_SHA384, TLS_RSA_WITH_AES_256_GCM_SHA384, TLS_ECDH_ECDSA_WITH_AES_256_GCM_SHA384, TLS_ECDH_RSA_WITH_AES_256_GCM_SHA384, TLS_DHE_RSA_WITH_AES_256_GCM_SHA384, TLS_DHE_DSS_WITH_AES_256_GCM_SHA384, TLS_ECDHE_RSA_WITH_AES_128_GCM_SHA256, TLS_RSA_WITH_AES_128_GCM_SHA256, TLS_ECDH_ECDSA_WITH_AES_128_GCM_SHA256, TLS_ECDH_RSA_WITH_AES_128_GCM_SHA256, TLS_DHE_RSA_WITH_AES_128_GCM_SHA256, TLS_DHE_DSS_WITH_AES_128_GCM_SHA256, TLS_EMPTY_RENEGOTIATION_INFO_SCSV]
2019-11-25 19:38:20,934 DEBUG [main] SSLConnectionSocketFactory:395 - Starting handshake
2019-11-25 19:38:21,005 DEBUG [main] SSLConnectionSocketFactory:425 - Secure session established
2019-11-25 19:38:21,005 DEBUG [main] SSLConnectionSocketFactory:426 -  negotiated protocol: TLSv1.2
2019-11-25 19:38:21,005 DEBUG [main] SSLConnectionSocketFactory:427 -  negotiated cipher suite: TLS_ECDHE_RSA_WITH_AES_128_GCM_SHA256
2019-11-25 19:38:21,005 DEBUG [main] SSLConnectionSocketFactory:435 -  peer principal: CN=www.github.com, O="GitHub, Inc.", L=San Francisco, ST=California, C=US
2019-11-25 19:38:21,006 DEBUG [main] SSLConnectionSocketFactory:444 -  peer alternative names: [www.github.com, *.github.com, github.com, *.github.io, github.io, *.githubusercontent.com, githubusercontent.com]
2019-11-25 19:38:21,006 DEBUG [main] SSLConnectionSocketFactory:448 -  issuer principal: CN=DigiCert SHA2 High Assurance Server CA, OU=www.digicert.com, O=DigiCert Inc, C=US
2019-11-25 19:38:21,008 DEBUG [main] DefaultHttpClientConnectionOperator:146 - Connection established 10.0.1.14:49618<->151.101.208.133:443
2019-11-25 19:38:21,009 DEBUG [main] DefaultManagedHttpClientConnection:88 - http-outgoing-0: set socket timeout to 30000
2019-11-25 19:38:21,009 DEBUG [main] MainClientExec:256 - Executing request GET /bonigarcia/webdrivermanager/master/src/main/resources/versions.properties HTTP/1.1
2019-11-25 19:38:21,009 DEBUG [main] MainClientExec:261 - Target auth state: UNCHALLENGED
2019-11-25 19:38:21,010 DEBUG [main] MainClientExec:267 - Proxy auth state: UNCHALLENGED
2019-11-25 19:38:21,012 DEBUG [main] headers:133 - http-outgoing-0 >> GET /bonigarcia/webdrivermanager/master/src/main/resources/versions.properties HTTP/1.1
2019-11-25 19:38:21,012 DEBUG [main] headers:136 - http-outgoing-0 >> User-Agent: Mozilla/5.0
2019-11-25 19:38:21,012 DEBUG [main] headers:136 - http-outgoing-0 >> Connection: keep-alive
2019-11-25 19:38:21,013 DEBUG [main] headers:136 - http-outgoing-0 >> Host: raw.githubusercontent.com
2019-11-25 19:38:21,013 DEBUG [main] headers:136 - http-outgoing-0 >> Accept-Encoding: gzip,deflate
2019-11-25 19:38:21,013 DEBUG [main] wire:73 - http-outgoing-0 >> "GET /bonigarcia/webdrivermanager/master/src/main/resources/versions.properties HTTP/1.1[\r][\n]"
2019-11-25 19:38:21,013 DEBUG [main] wire:73 - http-outgoing-0 >> "User-Agent: Mozilla/5.0[\r][\n]"
2019-11-25 19:38:21,013 DEBUG [main] wire:73 - http-outgoing-0 >> "Connection: keep-alive[\r][\n]"
2019-11-25 19:38:21,013 DEBUG [main] wire:73 - http-outgoing-0 >> "Host: raw.githubusercontent.com[\r][\n]"
2019-11-25 19:38:21,014 DEBUG [main] wire:73 - http-outgoing-0 >> "Accept-Encoding: gzip,deflate[\r][\n]"
2019-11-25 19:38:21,014 DEBUG [main] wire:73 - http-outgoing-0 >> "[\r][\n]"
2019-11-25 19:38:21,038 DEBUG [main] wire:73 - http-outgoing-0 << "HTTP/1.1 200 OK[\r][\n]"
2019-11-25 19:38:21,038 DEBUG [main] wire:73 - http-outgoing-0 << "Content-Security-Policy: default-src 'none'; style-src 'unsafe-inline'; sandbox[\r][\n]"
2019-11-25 19:38:21,039 DEBUG [main] wire:73 - http-outgoing-0 << "Strict-Transport-Security: max-age=31536000[\r][\n]"
2019-11-25 19:38:21,039 DEBUG [main] wire:73 - http-outgoing-0 << "X-Content-Type-Options: nosniff[\r][\n]"
2019-11-25 19:38:21,039 DEBUG [main] wire:73 - http-outgoing-0 << "X-Frame-Options: deny[\r][\n]"
2019-11-25 19:38:21,039 DEBUG [main] wire:73 - http-outgoing-0 << "X-XSS-Protection: 1; mode=block[\r][\n]"
2019-11-25 19:38:21,039 DEBUG [main] wire:73 - http-outgoing-0 << "ETag: W/"cc220cf00395b3223ce06a330d6d42326df4279d5315b997f161bb143dceadd1"[\r][\n]"
2019-11-25 19:38:21,039 DEBUG [main] wire:73 - http-outgoing-0 << "Content-Type: text/plain; charset=utf-8[\r][\n]"
2019-11-25 19:38:21,039 DEBUG [main] wire:73 - http-outgoing-0 << "Cache-Control: max-age=300[\r][\n]"
2019-11-25 19:38:21,039 DEBUG [main] wire:73 - http-outgoing-0 << "X-Geo-Block-List:[\r][\n]"
2019-11-25 19:38:21,040 DEBUG [main] wire:73 - http-outgoing-0 << "X-GitHub-Request-Id: 0A5C:5102:10ACD:14891:5DDC73FC[\r][\n]"
2019-11-25 19:38:21,040 DEBUG [main] wire:73 - http-outgoing-0 << "Content-Encoding: gzip[\r][\n]"
2019-11-25 19:38:21,040 DEBUG [main] wire:73 - http-outgoing-0 << "Content-Length: 679[\r][\n]"
2019-11-25 19:38:21,040 DEBUG [main] wire:73 - http-outgoing-0 << "Accept-Ranges: bytes[\r][\n]"
2019-11-25 19:38:21,040 DEBUG [main] wire:73 - http-outgoing-0 << "Date: Tue, 26 Nov 2019 00:38:21 GMT[\r][\n]"
2019-11-25 19:38:21,040 DEBUG [main] wire:73 - http-outgoing-0 << "Via: 1.1 varnish[\r][\n]"
2019-11-25 19:38:21,040 DEBUG [main] wire:73 - http-outgoing-0 << "Connection: keep-alive[\r][\n]"
2019-11-25 19:38:21,041 DEBUG [main] wire:73 - http-outgoing-0 << "X-Served-By: cache-ewr18125-EWR[\r][\n]"
2019-11-25 19:38:21,041 DEBUG [main] wire:73 - http-outgoing-0 << "X-Cache: MISS[\r][\n]"
2019-11-25 19:38:21,041 DEBUG [main] wire:73 - http-outgoing-0 << "X-Cache-Hits: 0[\r][\n]"
2019-11-25 19:38:21,041 DEBUG [main] wire:73 - http-outgoing-0 << "X-Timer: S1574728701.024550,VS0,VE8[\r][\n]"
2019-11-25 19:38:21,041 DEBUG [main] wire:73 - http-outgoing-0 << "Vary: Authorization,Accept-Encoding[\r][\n]"
2019-11-25 19:38:21,041 DEBUG [main] wire:73 - http-outgoing-0 << "Access-Control-Allow-Origin: *[\r][\n]"
2019-11-25 19:38:21,041 DEBUG [main] wire:73 - http-outgoing-0 << "X-Fastly-Request-ID: 00c61f94830ce6efbaf00025d28ab06c38a960be[\r][\n]"
2019-11-25 19:38:21,041 DEBUG [main] wire:73 - http-outgoing-0 << "Expires: Tue, 26 Nov 2019 00:43:21 GMT[\r][\n]"
2019-11-25 19:38:21,042 DEBUG [main] wire:73 - http-outgoing-0 << "Source-Age: 0[\r][\n]"
2019-11-25 19:38:21,042 DEBUG [main] wire:73 - http-outgoing-0 << "[\r][\n]"
2019-11-25 19:38:21,042 DEBUG [main] wire:87 - http-outgoing-0 << "[0x1f][0x8b][0x8][0x0][0x0][0x0][0x0][0x0][0x0][0x3][0x8d][0x95]K[0x8f][0xdb] [0x10][0x80][0xef][0xf9][0x15]H{i[0xf][0xc1][0xbc][0xc]v$_[0xfa]<U=[0xb4][0xf7][0xca][0x89]I[0x82][0xd6]1[0x11][0xf6]n[0xda][0xfe][0xfa]2<[0xbc]l[0xd4]J=~[0x9f]a[0x98]0[0xc3][0xe4][0x1]}?[0x9b][0x19][0x1d][0xcd][0xa8][0xd1][0xc1]NKo[0xa6][0x19]-g[0x8d][0x1e]'{[0x9b][0xd0][0xb3]v[0xb3][0xb1]^[0x1d][0xad]C[0x83]3[0xc0][0xe8][0xcd][0xde]L[0xbd][0xfb][0xf5][0xd6]o[0xb8]\[0xfb][0xc5][0xec][0xfd][0xde][0x9b]Y[0xce]a[0xdf][0xc1]:[0xa7][0xe7][0xab][0x9d][0x6]3[0x9d][0xd0][0xde][0xd9][0xdb][0xac]][0x8e][0xb3][0xd9]<[0xa0]wQ[0xed][0xd0]gkO~[0xe7][0xfb][0xb3][0xb3][0x17][0x8d][0xb6][0xe8]C[0x8][0xbf]C[0x87] [0xe2]a~[0xfd]7[0xfb][0xe4][0xe]z[0x87][0xce][0xcb]r[0xdd]UU[0xf9][0x15][0x7]0O[0x17]l[0xdd][0xa9][0x1a]|[0xc2][0xa3][0xed][0x87]y[0x13][0xd7][0xa8][0xb6]S-&[0x98][0xb7][0xa2][0xc6]\f[0xdb]t[0xaa][0x9][0x96][0x8]LI[0x9d][0xb5][0xea][0x94][0x2][0xdd][0xc8][0x1a][0xb][0x92][0xad][0xec][0x94][0xc][0x96][0xb4][0x98][0xb2]5F[0xdd][0xa9][0x1a][0xb4]R[0x4][0xd3][0x97][0xd5][0xa2]S"h[0xd6][0xe2]u-[0xef][0x14][0x7])[0x1b][0x8e]e[0x93]-[0xeb][0x18][0x16][0xeb][0x1a][0xfa][0x8a][0x8]PNL[0xb6]@"S[0x3][0xc4]2) [0x9a]I[0x2][0xe5]dd[0xed][0x89][0xe7][0xf3][0xa4][0x0]R[0x99]8P>OB.|=[0xf]r[0xe1][0xeb]y[0x90][0xb][0xe7][0xaf][0xea][0xf6][0xc5][0xfe]6[0xe3][0xd8][0xa3]O[0xc6][0xe9][0xa3][0xfd]YT[0xee][0xa4][0xf][0x8f][0xf6][0xaf][0x85][0x9b]}[0xe5]N[0xbe]E[0x9e][0xf6][0xd8]7Mu[0x89]![0xaa]bC[0xe5][0xf4][0xa8][0xfb]Y[0xcf][0x9b]c[0x8c][0xeb]8[0xc1][0xcc][0xdf][0xfe]*[0x1a][0x10]u![0x14][0x8]Q[0x8]y/[0xea]{!@[0xf0]B[0xf0]{[0xc1]@[0xb0]BP[0x10][0xb4][0x10][0xe4]N[0xd4][0xed][0xbd]h[0xee][0x85][0xba][0x17]!SR[0x88]:[0x8b][0xf2][0xaa][0xbf]^[0xb5][0xeb][0x8b][0xb][0xb6][0xc0][0xff]s[0xc1]a[0xe1]l[0x8f][0xcb][0xad]w:R~+[0xf7][0xd7][0x1d]>[0xfa][0x8b]zy[0x15][0x8d]JR[0x14]o[0x82]2[0x92],/[0xdf][0x4]g[0xc9][0xb2][0xf2]I[0x90][0xbc]6[0xb5]r[0x80][0xba]-!5r[0x84][0xd4][0xc7][0x11]R[0x1b]GH][0x1c]!5q[0x84][0xd4][0xc3][0x11]R[0xb]G[0xa0][0xb1]g#[0x90][0x2][0x4]d[0x90]3[0x16][0x90][0x1]O[0xe7][0x8][0xc8][0x80][0xb5][0x9]d[0x84]WMo[0xe][0xce][0xc2][0x85][0xa2][0x8f][0xc3][0xa9][0x9c]V[0x97]Y{[0xf1][0xcf][0x9a][0xc][0xfa]Y[0x8f][0x10][0x15]_r[0x84]P =m[0x9f][0xe6]ju[[0x8]R-[0xd6][0x8e]su[0xd3][0xfb]T#[0xb4][0xdd][0xae][0x81][0xf4][0x84]o[0xe6][0xd1]\[0xf5]`[0xfa]0[0xee][0x80][0xaa]5[0xad][0x1f][0x90][0xd6][0x6][0xa2][0xac]c[0x8f]BW[0x7][0x93]F[0x1e][0x83]jF[0x93][0xa6][0x1d][0xe3][0xab]I[0x93][0x8e]6[0xeb][0xae]4[0xe4](o}c[0x6]%Dwuz[0xeb][0xff]"[0x96]~[0x1c][0xf5][0x10]%[0xeb]$[0xa6][0x8a][0xfa][0x99][0x11][0x90]v[0xbe]Y$k[0xdb][0x88][0xa4][0xf3]c[0xb6]&[0x92][0x7][0xe4]M[0xc7][0xfd][0xc4][0xe4]mD[0x6][0xe5][0xf5]C[0xb8][0x91][0x11]IG=2_[0xfd]?[0xb8][0x1][0xf1][0xe4][0x98][0x6][0x0][0x0]"
2019-11-25 19:38:21,046 DEBUG [main] headers:122 - http-outgoing-0 << HTTP/1.1 200 OK
2019-11-25 19:38:21,046 DEBUG [main] headers:125 - http-outgoing-0 << Content-Security-Policy: default-src 'none'; style-src 'unsafe-inline'; sandbox
2019-11-25 19:38:21,046 DEBUG [main] headers:125 - http-outgoing-0 << Strict-Transport-Security: max-age=31536000
2019-11-25 19:38:21,046 DEBUG [main] headers:125 - http-outgoing-0 << X-Content-Type-Options: nosniff
2019-11-25 19:38:21,046 DEBUG [main] headers:125 - http-outgoing-0 << X-Frame-Options: deny
2019-11-25 19:38:21,046 DEBUG [main] headers:125 - http-outgoing-0 << X-XSS-Protection: 1; mode=block
2019-11-25 19:38:21,047 DEBUG [main] headers:125 - http-outgoing-0 << ETag: W/"cc220cf00395b3223ce06a330d6d42326df4279d5315b997f161bb143dceadd1"
2019-11-25 19:38:21,047 DEBUG [main] headers:125 - http-outgoing-0 << Content-Type: text/plain; charset=utf-8
2019-11-25 19:38:21,047 DEBUG [main] headers:125 - http-outgoing-0 << Cache-Control: max-age=300
2019-11-25 19:38:21,047 DEBUG [main] headers:125 - http-outgoing-0 << X-Geo-Block-List:
2019-11-25 19:38:21,047 DEBUG [main] headers:125 - http-outgoing-0 << X-GitHub-Request-Id: 0A5C:5102:10ACD:14891:5DDC73FC
2019-11-25 19:38:21,047 DEBUG [main] headers:125 - http-outgoing-0 << Content-Encoding: gzip
2019-11-25 19:38:21,047 DEBUG [main] headers:125 - http-outgoing-0 << Content-Length: 679
2019-11-25 19:38:21,047 DEBUG [main] headers:125 - http-outgoing-0 << Accept-Ranges: bytes
2019-11-25 19:38:21,047 DEBUG [main] headers:125 - http-outgoing-0 << Date: Tue, 26 Nov 2019 00:38:21 GMT
2019-11-25 19:38:21,048 DEBUG [main] headers:125 - http-outgoing-0 << Via: 1.1 varnish
2019-11-25 19:38:21,048 DEBUG [main] headers:125 - http-outgoing-0 << Connection: keep-alive
2019-11-25 19:38:21,048 DEBUG [main] headers:125 - http-outgoing-0 << X-Served-By: cache-ewr18125-EWR
2019-11-25 19:38:21,048 DEBUG [main] headers:125 - http-outgoing-0 << X-Cache: MISS
2019-11-25 19:38:21,048 DEBUG [main] headers:125 - http-outgoing-0 << X-Cache-Hits: 0
2019-11-25 19:38:21,048 DEBUG [main] headers:125 - http-outgoing-0 << X-Timer: S1574728701.024550,VS0,VE8
2019-11-25 19:38:21,048 DEBUG [main] headers:125 - http-outgoing-0 << Vary: Authorization,Accept-Encoding
2019-11-25 19:38:21,048 DEBUG [main] headers:125 - http-outgoing-0 << Access-Control-Allow-Origin: *
2019-11-25 19:38:21,049 DEBUG [main] headers:125 - http-outgoing-0 << X-Fastly-Request-ID: 00c61f94830ce6efbaf00025d28ab06c38a960be
2019-11-25 19:38:21,049 DEBUG [main] headers:125 - http-outgoing-0 << Expires: Tue, 26 Nov 2019 00:43:21 GMT
2019-11-25 19:38:21,049 DEBUG [main] headers:125 - http-outgoing-0 << Source-Age: 0
2019-11-25 19:38:21,053 DEBUG [main] MainClientExec:285 - Connection can be kept alive indefinitely
2019-11-25 19:38:21,060 DEBUG [main] PoolingHttpClientConnectionManager:341 - Connection [id: 0][route: {s}->https://raw.githubusercontent.com:443] can be kept alive indefinitely
2019-11-25 19:38:21,060 DEBUG [main] DefaultManagedHttpClientConnection:88 - http-outgoing-0: set socket timeout to 0
2019-11-25 19:38:21,060 DEBUG [main] PoolingHttpClientConnectionManager:348 - Connection released: [id: 0][route: {s}->https://raw.githubusercontent.com:443][total kept alive: 1; route allocated: 1 of 2; total allocated: 1 of 20]
2019-11-25 19:38:28,333  INFO [main] LoginTest:35 - setUp confg
2019-11-30 01:08:01,243  INFO [main] LoginTest:31 - Browser is launching
2019-11-30 01:08:01,931 DEBUG [main] RequestAddCookies:123 - CookieSpec selected: standard
2019-11-30 01:08:01,941 DEBUG [main] RequestAuthCache:77 - Auth cache not set in the context
2019-11-30 01:08:01,942 DEBUG [main] PoolingHttpClientConnectionManager:265 - Connection request: [route: {s}->https://raw.githubusercontent.com:443][total kept alive: 0; route allocated: 0 of 2; total allocated: 0 of 20]
2019-11-30 01:08:01,962 DEBUG [main] PoolingHttpClientConnectionManager:309 - Connection leased: [id: 0][route: {s}->https://raw.githubusercontent.com:443][total kept alive: 0; route allocated: 1 of 2; total allocated: 1 of 20]
2019-11-30 01:08:01,965 DEBUG [main] MainClientExec:235 - Opening connection {s}->https://raw.githubusercontent.com:443
2019-11-30 01:08:02,000 DEBUG [main] DefaultHttpClientConnectionOperator:139 - Connecting to raw.githubusercontent.com/199.232.36.133:443
2019-11-30 01:08:02,000 DEBUG [main] SSLConnectionSocketFactory:337 - Connecting socket to raw.githubusercontent.com/199.232.36.133:443 with timeout 0
2019-11-30 01:08:02,061 DEBUG [main] SSLConnectionSocketFactory:390 - Enabled protocols: [TLSv1, TLSv1.1, TLSv1.2]
2019-11-30 01:08:02,061 DEBUG [main] SSLConnectionSocketFactory:391 - Enabled cipher suites:[TLS_ECDHE_ECDSA_WITH_AES_256_CBC_SHA384, TLS_ECDHE_RSA_WITH_AES_256_CBC_SHA384, TLS_RSA_WITH_AES_256_CBC_SHA256, TLS_ECDH_ECDSA_WITH_AES_256_CBC_SHA384, TLS_ECDH_RSA_WITH_AES_256_CBC_SHA384, TLS_DHE_RSA_WITH_AES_256_CBC_SHA256, TLS_DHE_DSS_WITH_AES_256_CBC_SHA256, TLS_ECDHE_ECDSA_WITH_AES_256_CBC_SHA, TLS_ECDHE_RSA_WITH_AES_256_CBC_SHA, TLS_RSA_WITH_AES_256_CBC_SHA, TLS_ECDH_ECDSA_WITH_AES_256_CBC_SHA, TLS_ECDH_RSA_WITH_AES_256_CBC_SHA, TLS_DHE_RSA_WITH_AES_256_CBC_SHA, TLS_DHE_DSS_WITH_AES_256_CBC_SHA, TLS_ECDHE_ECDSA_WITH_AES_128_CBC_SHA256, TLS_ECDHE_RSA_WITH_AES_128_CBC_SHA256, TLS_RSA_WITH_AES_128_CBC_SHA256, TLS_ECDH_ECDSA_WITH_AES_128_CBC_SHA256, TLS_ECDH_RSA_WITH_AES_128_CBC_SHA256, TLS_DHE_RSA_WITH_AES_128_CBC_SHA256, TLS_DHE_DSS_WITH_AES_128_CBC_SHA256, TLS_ECDHE_ECDSA_WITH_AES_128_CBC_SHA, TLS_ECDHE_RSA_WITH_AES_128_CBC_SHA, TLS_RSA_WITH_AES_128_CBC_SHA, TLS_ECDH_ECDSA_WITH_AES_128_CBC_SHA, TLS_ECDH_RSA_WITH_AES_128_CBC_SHA, TLS_DHE_RSA_WITH_AES_128_CBC_SHA, TLS_DHE_DSS_WITH_AES_128_CBC_SHA, TLS_ECDHE_ECDSA_WITH_AES_256_GCM_SHA384, TLS_ECDHE_ECDSA_WITH_AES_128_GCM_SHA256, TLS_ECDHE_RSA_WITH_AES_256_GCM_SHA384, TLS_RSA_WITH_AES_256_GCM_SHA384, TLS_ECDH_ECDSA_WITH_AES_256_GCM_SHA384, TLS_ECDH_RSA_WITH_AES_256_GCM_SHA384, TLS_DHE_RSA_WITH_AES_256_GCM_SHA384, TLS_DHE_DSS_WITH_AES_256_GCM_SHA384, TLS_ECDHE_RSA_WITH_AES_128_GCM_SHA256, TLS_RSA_WITH_AES_128_GCM_SHA256, TLS_ECDH_ECDSA_WITH_AES_128_GCM_SHA256, TLS_ECDH_RSA_WITH_AES_128_GCM_SHA256, TLS_DHE_RSA_WITH_AES_128_GCM_SHA256, TLS_DHE_DSS_WITH_AES_128_GCM_SHA256, TLS_EMPTY_RENEGOTIATION_INFO_SCSV]
2019-11-30 01:08:02,062 DEBUG [main] SSLConnectionSocketFactory:395 - Starting handshake
2019-11-30 01:08:02,130 DEBUG [main] SSLConnectionSocketFactory:425 - Secure session established
2019-11-30 01:08:02,133 DEBUG [main] SSLConnectionSocketFactory:426 -  negotiated protocol: TLSv1.2
2019-11-30 01:08:02,134 DEBUG [main] SSLConnectionSocketFactory:427 -  negotiated cipher suite: TLS_ECDHE_RSA_WITH_AES_128_GCM_SHA256
2019-11-30 01:08:02,134 DEBUG [main] SSLConnectionSocketFactory:435 -  peer principal: CN=www.github.com, O="GitHub, Inc.", L=San Francisco, ST=California, C=US
2019-11-30 01:08:02,134 DEBUG [main] SSLConnectionSocketFactory:444 -  peer alternative names: [www.github.com, *.github.com, github.com, *.github.io, github.io, *.githubusercontent.com, githubusercontent.com]
2019-11-30 01:08:02,136 DEBUG [main] SSLConnectionSocketFactory:448 -  issuer principal: CN=DigiCert SHA2 High Assurance Server CA, OU=www.digicert.com, O=DigiCert Inc, C=US
2019-11-30 01:08:02,138 DEBUG [main] DefaultHttpClientConnectionOperator:146 - Connection established 10.0.1.14:55149<->199.232.36.133:443
2019-11-30 01:08:02,138 DEBUG [main] DefaultManagedHttpClientConnection:88 - http-outgoing-0: set socket timeout to 30000
2019-11-30 01:08:02,138 DEBUG [main] MainClientExec:256 - Executing request GET /bonigarcia/webdrivermanager/master/src/main/resources/versions.properties HTTP/1.1
2019-11-30 01:08:02,139 DEBUG [main] MainClientExec:261 - Target auth state: UNCHALLENGED
2019-11-30 01:08:02,140 DEBUG [main] MainClientExec:267 - Proxy auth state: UNCHALLENGED
2019-11-30 01:08:02,141 DEBUG [main] headers:133 - http-outgoing-0 >> GET /bonigarcia/webdrivermanager/master/src/main/resources/versions.properties HTTP/1.1
2019-11-30 01:08:02,142 DEBUG [main] headers:136 - http-outgoing-0 >> User-Agent: Mozilla/5.0
2019-11-30 01:08:02,142 DEBUG [main] headers:136 - http-outgoing-0 >> Connection: keep-alive
2019-11-30 01:08:02,142 DEBUG [main] headers:136 - http-outgoing-0 >> Host: raw.githubusercontent.com
2019-11-30 01:08:02,142 DEBUG [main] headers:136 - http-outgoing-0 >> Accept-Encoding: gzip,deflate
2019-11-30 01:08:02,142 DEBUG [main] wire:73 - http-outgoing-0 >> "GET /bonigarcia/webdrivermanager/master/src/main/resources/versions.properties HTTP/1.1[\r][\n]"
2019-11-30 01:08:02,142 DEBUG [main] wire:73 - http-outgoing-0 >> "User-Agent: Mozilla/5.0[\r][\n]"
2019-11-30 01:08:02,142 DEBUG [main] wire:73 - http-outgoing-0 >> "Connection: keep-alive[\r][\n]"
2019-11-30 01:08:02,143 DEBUG [main] wire:73 - http-outgoing-0 >> "Host: raw.githubusercontent.com[\r][\n]"
2019-11-30 01:08:02,143 DEBUG [main] wire:73 - http-outgoing-0 >> "Accept-Encoding: gzip,deflate[\r][\n]"
2019-11-30 01:08:02,143 DEBUG [main] wire:73 - http-outgoing-0 >> "[\r][\n]"
2019-11-30 01:08:02,200 DEBUG [main] wire:73 - http-outgoing-0 << "HTTP/1.1 200 OK[\r][\n]"
2019-11-30 01:08:02,200 DEBUG [main] wire:73 - http-outgoing-0 << "Connection: keep-alive[\r][\n]"
2019-11-30 01:08:02,201 DEBUG [main] wire:73 - http-outgoing-0 << "Content-Length: 679[\r][\n]"
2019-11-30 01:08:02,202 DEBUG [main] wire:73 - http-outgoing-0 << "Content-Security-Policy: default-src 'none'; style-src 'unsafe-inline'; sandbox[\r][\n]"
2019-11-30 01:08:02,202 DEBUG [main] wire:73 - http-outgoing-0 << "Strict-Transport-Security: max-age=31536000[\r][\n]"
2019-11-30 01:08:02,203 DEBUG [main] wire:73 - http-outgoing-0 << "X-Content-Type-Options: nosniff[\r][\n]"
2019-11-30 01:08:02,203 DEBUG [main] wire:73 - http-outgoing-0 << "X-Frame-Options: deny[\r][\n]"
2019-11-30 01:08:02,203 DEBUG [main] wire:73 - http-outgoing-0 << "X-XSS-Protection: 1; mode=block[\r][\n]"
2019-11-30 01:08:02,203 DEBUG [main] wire:73 - http-outgoing-0 << "ETag: W/"cc220cf00395b3223ce06a330d6d42326df4279d5315b997f161bb143dceadd1"[\r][\n]"
2019-11-30 01:08:02,204 DEBUG [main] wire:73 - http-outgoing-0 << "Content-Type: text/plain; charset=utf-8[\r][\n]"
2019-11-30 01:08:02,204 DEBUG [main] wire:73 - http-outgoing-0 << "Cache-Control: max-age=300[\r][\n]"
2019-11-30 01:08:02,204 DEBUG [main] wire:73 - http-outgoing-0 << "X-Geo-Block-List: [\r][\n]"
2019-11-30 01:08:02,204 DEBUG [main] wire:73 - http-outgoing-0 << "X-GitHub-Request-Id: 7F9E:1FE9:18E1FA:1E6364:5DE20742[\r][\n]"
2019-11-30 01:08:02,204 DEBUG [main] wire:73 - http-outgoing-0 << "Content-Encoding: gzip[\r][\n]"
2019-11-30 01:08:02,204 DEBUG [main] wire:73 - http-outgoing-0 << "Accept-Ranges: bytes[\r][\n]"
2019-11-30 01:08:02,205 DEBUG [main] wire:73 - http-outgoing-0 << "Date: Sat, 30 Nov 2019 06:08:02 GMT[\r][\n]"
2019-11-30 01:08:02,205 DEBUG [main] wire:73 - http-outgoing-0 << "Via: 1.1 varnish[\r][\n]"
2019-11-30 01:08:02,205 DEBUG [main] wire:73 - http-outgoing-0 << "X-Served-By: cache-lga21939-LGA[\r][\n]"
2019-11-30 01:08:02,205 DEBUG [main] wire:73 - http-outgoing-0 << "X-Cache: MISS[\r][\n]"
2019-11-30 01:08:02,205 DEBUG [main] wire:73 - http-outgoing-0 << "X-Cache-Hits: 0[\r][\n]"
2019-11-30 01:08:02,205 DEBUG [main] wire:73 - http-outgoing-0 << "X-Timer: S1575094082.151672,VS0,VE42[\r][\n]"
2019-11-30 01:08:02,206 DEBUG [main] wire:73 - http-outgoing-0 << "Vary: Authorization,Accept-Encoding[\r][\n]"
2019-11-30 01:08:02,206 DEBUG [main] wire:73 - http-outgoing-0 << "Access-Control-Allow-Origin: *[\r][\n]"
2019-11-30 01:08:02,206 DEBUG [main] wire:73 - http-outgoing-0 << "X-Fastly-Request-ID: c45d71f8e82be430c8e8dc55dc689576afd6ee0f[\r][\n]"
2019-11-30 01:08:02,206 DEBUG [main] wire:73 - http-outgoing-0 << "Expires: Sat, 30 Nov 2019 06:13:02 GMT[\r][\n]"
2019-11-30 01:08:02,206 DEBUG [main] wire:73 - http-outgoing-0 << "Source-Age: 0[\r][\n]"
2019-11-30 01:08:02,206 DEBUG [main] wire:73 - http-outgoing-0 << "[\r][\n]"
2019-11-30 01:08:02,213 DEBUG [main] headers:122 - http-outgoing-0 << HTTP/1.1 200 OK
2019-11-30 01:08:02,213 DEBUG [main] headers:125 - http-outgoing-0 << Connection: keep-alive
2019-11-30 01:08:02,213 DEBUG [main] headers:125 - http-outgoing-0 << Content-Length: 679
2019-11-30 01:08:02,213 DEBUG [main] headers:125 - http-outgoing-0 << Content-Security-Policy: default-src 'none'; style-src 'unsafe-inline'; sandbox
2019-11-30 01:08:02,214 DEBUG [main] headers:125 - http-outgoing-0 << Strict-Transport-Security: max-age=31536000
2019-11-30 01:08:02,214 DEBUG [main] headers:125 - http-outgoing-0 << X-Content-Type-Options: nosniff
2019-11-30 01:08:02,214 DEBUG [main] headers:125 - http-outgoing-0 << X-Frame-Options: deny
2019-11-30 01:08:02,214 DEBUG [main] headers:125 - http-outgoing-0 << X-XSS-Protection: 1; mode=block
2019-11-30 01:08:02,214 DEBUG [main] headers:125 - http-outgoing-0 << ETag: W/"cc220cf00395b3223ce06a330d6d42326df4279d5315b997f161bb143dceadd1"
2019-11-30 01:08:02,214 DEBUG [main] headers:125 - http-outgoing-0 << Content-Type: text/plain; charset=utf-8
2019-11-30 01:08:02,215 DEBUG [main] headers:125 - http-outgoing-0 << Cache-Control: max-age=300
2019-11-30 01:08:02,215 DEBUG [main] headers:125 - http-outgoing-0 << X-Geo-Block-List: 
2019-11-30 01:08:02,215 DEBUG [main] headers:125 - http-outgoing-0 << X-GitHub-Request-Id: 7F9E:1FE9:18E1FA:1E6364:5DE20742
2019-11-30 01:08:02,215 DEBUG [main] headers:125 - http-outgoing-0 << Content-Encoding: gzip
2019-11-30 01:08:02,215 DEBUG [main] headers:125 - http-outgoing-0 << Accept-Ranges: bytes
2019-11-30 01:08:02,215 DEBUG [main] headers:125 - http-outgoing-0 << Date: Sat, 30 Nov 2019 06:08:02 GMT
2019-11-30 01:08:02,215 DEBUG [main] headers:125 - http-outgoing-0 << Via: 1.1 varnish
2019-11-30 01:08:02,216 DEBUG [main] headers:125 - http-outgoing-0 << X-Served-By: cache-lga21939-LGA
2019-11-30 01:08:02,216 DEBUG [main] headers:125 - http-outgoing-0 << X-Cache: MISS
2019-11-30 01:08:02,216 DEBUG [main] headers:125 - http-outgoing-0 << X-Cache-Hits: 0
2019-11-30 01:08:02,216 DEBUG [main] headers:125 - http-outgoing-0 << X-Timer: S1575094082.151672,VS0,VE42
2019-11-30 01:08:02,216 DEBUG [main] headers:125 - http-outgoing-0 << Vary: Authorization,Accept-Encoding
2019-11-30 01:08:02,216 DEBUG [main] headers:125 - http-outgoing-0 << Access-Control-Allow-Origin: *
2019-11-30 01:08:02,216 DEBUG [main] headers:125 - http-outgoing-0 << X-Fastly-Request-ID: c45d71f8e82be430c8e8dc55dc689576afd6ee0f
2019-11-30 01:08:02,217 DEBUG [main] headers:125 - http-outgoing-0 << Expires: Sat, 30 Nov 2019 06:13:02 GMT
2019-11-30 01:08:02,217 DEBUG [main] headers:125 - http-outgoing-0 << Source-Age: 0
2019-11-30 01:08:02,223 DEBUG [main] MainClientExec:285 - Connection can be kept alive indefinitely
2019-11-30 01:08:02,231 DEBUG [main] wire:87 - http-outgoing-0 << "[0x1f][0x8b][0x8][0x0][0x0][0x0][0x0][0x0][0x0][0x3][0x8d][0x95]K[0x8f][0xdb] [0x10][0x80][0xef][0xf9][0x15]H{i[0xf][0xc1][0xbc][0xc]v$_[0xfa]<U=[0xb4][0xf7][0xca][0x89]I[0x82][0xd6]1[0x11][0xf6]n[0xda][0xfe][0xfa]2<[0xbc]l[0xd4]J=~[0x9f]a[0x98]0[0xc3][0xe4][0x1]}?[0x9b][0x19][0x1d][0xcd][0xa8][0xd1][0xc1]NKo[0xa6][0x19]-g[0x8d][0x1e]'{[0x9b][0xd0][0xb3]v[0xb3][0xb1]^[0x1d][0xad]C[0x83]3[0xc0][0xe8][0xcd][0xde]L[0xbd][0xfb][0xf5][0xd6]o[0xb8]\[0xfb][0xc5][0xec][0xfd][0xde][0x9b]Y[0xce]a[0xdf][0xc1]:[0xa7][0xe7][0xab][0x9d][0x6]3[0x9d][0xd0][0xde][0xd9][0xdb][0xac]][0x8e][0xb3][0xd9]<[0xa0]wQ[0xed][0xd0]gkO~[0xe7][0xfb][0xb3][0xb3][0x17][0x8d][0xb6][0xe8]C[0x8][0xbf]C[0x87] [0xe2]a~[0xfd]7[0xfb][0xe4][0xe]z[0x87][0xce][0xcb]r[0xdd]UU[0xf9][0x15][0x7]0O[0x17]l[0xdd][0xa9][0x1a]|[0xc2][0xa3][0xed][0x87]y[0x13][0xd7][0xa8][0xb6]S-&[0x98][0xb7][0xa2][0xc6]\f[0xdb]t[0xaa][0x9][0x96][0x8]LI[0x9d][0xb5][0xea][0x94][0x2][0xdd][0xc8][0x1a][0xb][0x92][0xad][0xec][0x94][0xc][0x96][0xb4][0x98][0xb2]5F[0xdd][0xa9][0x1a][0xb4]R[0x4][0xd3][0x97][0xd5][0xa2]S"h[0xd6][0xe2]u-[0xef][0x14][0x7])[0x1b][0x8e]e[0x93]-[0xeb][0x18][0x16][0xeb][0x1a][0xfa][0x8a][0x8]PNL[0xb6]@"S[0x3][0xc4]2) [0x9a]I[0x2][0xe5]dd[0xed][0x89][0xe7][0xf3][0xa4][0x0]R[0x99]8P>OB.|=[0xf]r[0xe1][0xeb]y[0x90][0xb][0xe7][0xaf][0xea][0xf6][0xc5][0xfe]6[0xe3][0xd8][0xa3]O[0xc6][0xe9][0xa3][0xfd]YT[0xee][0xa4][0xf][0x8f][0xf6][0xaf][0x85][0x9b]}[0xe5]N[0xbe]E[0x9e][0xf6][0xd8]7Mu[0x89]![0xaa]bC[0xe5][0xf4][0xa8][0xfb]Y[0xcf][0x9b]c[0x8c][0xeb]8[0xc1][0xcc][0xdf][0xfe]*[0x1a][0x10]u![0x14][0x8]Q[0x8]y/[0xea]{!@[0xf0]B[0xf0]{[0xc1]@[0xb0]BP[0x10][0xb4][0x10][0xe4]N[0xd4][0xed][0xbd]h[0xee][0x85][0xba][0x17]!SR[0x88]:[0x8b][0xf2][0xaa][0xbf]^[0xb5][0xeb][0x8b][0xb][0xb6][0xc0][0xff]s[0xc1]a[0xe1]l[0x8f][0xcb][0xad]w:R~+[0xf7][0xd7][0x1d]>[0xfa][0x8b]zy[0x15][0x8d]JR[0x14]o[0x82]2[0x92],/[0xdf][0x4]g[0xc9][0xb2][0xf2]I[0x90][0xbc]6[0xb5]r[0x80][0xba]-!5r[0x84][0xd4][0xc7][0x11]R[0x1b]GH][0x1c]!5q[0x84][0xd4][0xc3][0x11]R[0xb]G[0xa0][0xb1]g#[0x90][0x2][0x4]d[0x90]3[0x16][0x90][0x1]O[0xe7][0x8][0xc8][0x80][0xb5][0x9]d[0x84]WMo[0xe][0xce][0xc2][0x85][0xa2][0x8f][0xc3][0xa9][0x9c]V[0x97]Y{[0xf1][0xcf][0x9a][0xc][0xfa]Y[0x8f][0x10][0x15]_r[0x84]P =m[0x9f][0xe6]ju[[0x8]R-[0xd6][0x8e]su[0xd3][0xfb]T#[0xb4][0xdd][0xae][0x81][0xf4][0x84]o[0xe6][0xd1]\[0xf5]`[0xfa]0[0xee][0x80][0xaa]5[0xad][0x1f][0x90][0xd6][0x6][0xa2][0xac]c[0x8f]BW[0x7][0x93]F[0x1e][0x83]jF[0x93][0xa6][0x1d][0xe3][0xab]I[0x93][0x8e]6[0xeb][0xae]4[0xe4](o}c[0x6]%Dwuz[0xeb][0xff]"[0x96]~[0x1c][0xf5][0x10]%[0xeb]$[0xa6][0x8a][0xfa][0x99][0x11][0x90]v[0xbe]Y$k[0xdb][0x88][0xa4][0xf3]c[0xb6]&[0x92][0x7][0xe4]M[0xc7][0xfd][0xc4][0xe4]mD[0x6][0xe5][0xf5]C[0xb8][0x91][0x11]IG=2_[0xfd]?[0xb8][0x1][0xf1][0xe4][0x98][0x6][0x0][0x0]"
2019-11-30 01:08:02,231 DEBUG [main] PoolingHttpClientConnectionManager:341 - Connection [id: 0][route: {s}->https://raw.githubusercontent.com:443] can be kept alive indefinitely
2019-11-30 01:08:02,232 DEBUG [main] DefaultManagedHttpClientConnection:88 - http-outgoing-0: set socket timeout to 0
2019-11-30 01:08:02,232 DEBUG [main] PoolingHttpClientConnectionManager:348 - Connection released: [id: 0][route: {s}->https://raw.githubusercontent.com:443][total kept alive: 1; route allocated: 1 of 2; total allocated: 1 of 20]
2019-11-30 01:08:09,496  INFO [main] LoginTest:35 - setUp confg
2019-11-30 01:08:13,244  INFO [main] LoginTest:41 - Login test logs: correct pass ans user
2019-11-30 01:08:17,368  INFO [main] LoginTest:31 - Browser is launching
2019-11-30 01:08:23,623  INFO [main] LoginTest:35 - setUp confg
2019-11-30 01:08:27,171  INFO [main] LoginTest:31 - Browser is launching
2019-11-30 01:08:33,394  INFO [main] LoginTest:35 - setUp confg
2019-11-30 01:08:36,894  INFO [main] LoginTest:31 - Browser is launching
2019-11-30 01:08:43,126  INFO [main] LoginTest:35 - setUp confg
2019-11-30 01:08:43,644 DEBUG [main] cache:45 - Couldn't find template in cache for "Extent.ftl"("en_US", UTF-8, parsed); will try to load it.
2019-11-30 01:08:43,645 DEBUG [main] cache:45 - TemplateLoader.findTemplateSource("Extent_en_US.ftl"): Not found
2019-11-30 01:08:43,647 DEBUG [main] cache:45 - TemplateLoader.findTemplateSource("Extent_en.ftl"): Not found
2019-11-30 01:08:43,648 DEBUG [main] cache:45 - TemplateLoader.findTemplateSource("Extent.ftl"): Found
2019-11-30 01:08:43,649 DEBUG [main] cache:45 - Loading template for "Extent.ftl"("en_US", UTF-8, parsed) from "jar:file:/Users/mehmetdelidogan/.m2/repository/com/relevantcodes/extentreports/2.41.2/extentreports-2.41.2.jar!/com/relevantcodes/extentreports/view/Extent.ftl"
2019-11-30 01:08:43,685 DEBUG [Finalizer] PoolingHttpClientConnectionManager:408 - Connection manager is shutting down
2019-11-30 01:08:43,685 DEBUG [Finalizer] PoolingHttpClientConnectionManager:414 - Connection manager shut down
2019-11-30 01:08:43,686 DEBUG [Finalizer] PoolingHttpClientConnectionManager:408 - Connection manager is shutting down
2019-11-30 01:08:43,687 DEBUG [Finalizer] PoolingHttpClientConnectionManager:414 - Connection manager shut down
2019-11-30 01:08:43,910 DEBUG [main] cache:45 - Couldn't find template in cache for "Extent.ftl"("en_US", UTF-8, parsed); will try to load it.
2019-11-30 01:08:43,910 DEBUG [main] cache:45 - TemplateLoader.findTemplateSource("Extent_en_US.ftl"): Not found
2019-11-30 01:08:43,911 DEBUG [main] cache:45 - TemplateLoader.findTemplateSource("Extent_en.ftl"): Not found
2019-11-30 01:08:43,911 DEBUG [main] cache:45 - TemplateLoader.findTemplateSource("Extent.ftl"): Found
2019-11-30 01:08:43,911 DEBUG [main] cache:45 - Loading template for "Extent.ftl"("en_US", UTF-8, parsed) from "jar:file:/Users/mehmetdelidogan/.m2/repository/com/relevantcodes/extentreports/2.41.2/extentreports-2.41.2.jar!/com/relevantcodes/extentreports/view/Extent.ftl"
2019-12-02 19:11:54,426  INFO [main] LoginTest:31 - Browser is launching
2019-12-02 19:11:55,333 DEBUG [main] RequestAddCookies:123 - CookieSpec selected: standard
2019-12-02 19:11:55,344 DEBUG [main] RequestAuthCache:77 - Auth cache not set in the context
2019-12-02 19:11:55,345 DEBUG [main] PoolingHttpClientConnectionManager:265 - Connection request: [route: {s}->https://raw.githubusercontent.com:443][total kept alive: 0; route allocated: 0 of 2; total allocated: 0 of 20]
2019-12-02 19:11:55,369 DEBUG [main] PoolingHttpClientConnectionManager:309 - Connection leased: [id: 0][route: {s}->https://raw.githubusercontent.com:443][total kept alive: 0; route allocated: 1 of 2; total allocated: 1 of 20]
2019-12-02 19:11:55,371 DEBUG [main] MainClientExec:235 - Opening connection {s}->https://raw.githubusercontent.com:443
2019-12-02 19:11:55,413 DEBUG [main] DefaultHttpClientConnectionOperator:139 - Connecting to raw.githubusercontent.com/151.101.208.133:443
2019-12-02 19:11:55,414 DEBUG [main] SSLConnectionSocketFactory:337 - Connecting socket to raw.githubusercontent.com/151.101.208.133:443 with timeout 0
2019-12-02 19:11:55,487 DEBUG [main] SSLConnectionSocketFactory:390 - Enabled protocols: [TLSv1, TLSv1.1, TLSv1.2]
2019-12-02 19:11:55,487 DEBUG [main] SSLConnectionSocketFactory:391 - Enabled cipher suites:[TLS_ECDHE_ECDSA_WITH_AES_256_CBC_SHA384, TLS_ECDHE_RSA_WITH_AES_256_CBC_SHA384, TLS_RSA_WITH_AES_256_CBC_SHA256, TLS_ECDH_ECDSA_WITH_AES_256_CBC_SHA384, TLS_ECDH_RSA_WITH_AES_256_CBC_SHA384, TLS_DHE_RSA_WITH_AES_256_CBC_SHA256, TLS_DHE_DSS_WITH_AES_256_CBC_SHA256, TLS_ECDHE_ECDSA_WITH_AES_256_CBC_SHA, TLS_ECDHE_RSA_WITH_AES_256_CBC_SHA, TLS_RSA_WITH_AES_256_CBC_SHA, TLS_ECDH_ECDSA_WITH_AES_256_CBC_SHA, TLS_ECDH_RSA_WITH_AES_256_CBC_SHA, TLS_DHE_RSA_WITH_AES_256_CBC_SHA, TLS_DHE_DSS_WITH_AES_256_CBC_SHA, TLS_ECDHE_ECDSA_WITH_AES_128_CBC_SHA256, TLS_ECDHE_RSA_WITH_AES_128_CBC_SHA256, TLS_RSA_WITH_AES_128_CBC_SHA256, TLS_ECDH_ECDSA_WITH_AES_128_CBC_SHA256, TLS_ECDH_RSA_WITH_AES_128_CBC_SHA256, TLS_DHE_RSA_WITH_AES_128_CBC_SHA256, TLS_DHE_DSS_WITH_AES_128_CBC_SHA256, TLS_ECDHE_ECDSA_WITH_AES_128_CBC_SHA, TLS_ECDHE_RSA_WITH_AES_128_CBC_SHA, TLS_RSA_WITH_AES_128_CBC_SHA, TLS_ECDH_ECDSA_WITH_AES_128_CBC_SHA, TLS_ECDH_RSA_WITH_AES_128_CBC_SHA, TLS_DHE_RSA_WITH_AES_128_CBC_SHA, TLS_DHE_DSS_WITH_AES_128_CBC_SHA, TLS_ECDHE_ECDSA_WITH_AES_256_GCM_SHA384, TLS_ECDHE_ECDSA_WITH_AES_128_GCM_SHA256, TLS_ECDHE_RSA_WITH_AES_256_GCM_SHA384, TLS_RSA_WITH_AES_256_GCM_SHA384, TLS_ECDH_ECDSA_WITH_AES_256_GCM_SHA384, TLS_ECDH_RSA_WITH_AES_256_GCM_SHA384, TLS_DHE_RSA_WITH_AES_256_GCM_SHA384, TLS_DHE_DSS_WITH_AES_256_GCM_SHA384, TLS_ECDHE_RSA_WITH_AES_128_GCM_SHA256, TLS_RSA_WITH_AES_128_GCM_SHA256, TLS_ECDH_ECDSA_WITH_AES_128_GCM_SHA256, TLS_ECDH_RSA_WITH_AES_128_GCM_SHA256, TLS_DHE_RSA_WITH_AES_128_GCM_SHA256, TLS_DHE_DSS_WITH_AES_128_GCM_SHA256, TLS_EMPTY_RENEGOTIATION_INFO_SCSV]
2019-12-02 19:11:55,487 DEBUG [main] SSLConnectionSocketFactory:395 - Starting handshake
2019-12-02 19:11:55,562 DEBUG [main] SSLConnectionSocketFactory:425 - Secure session established
2019-12-02 19:11:55,563 DEBUG [main] SSLConnectionSocketFactory:426 -  negotiated protocol: TLSv1.2
2019-12-02 19:11:55,563 DEBUG [main] SSLConnectionSocketFactory:427 -  negotiated cipher suite: TLS_ECDHE_RSA_WITH_AES_128_GCM_SHA256
2019-12-02 19:11:55,564 DEBUG [main] SSLConnectionSocketFactory:435 -  peer principal: CN=www.github.com, O="GitHub, Inc.", L=San Francisco, ST=California, C=US
2019-12-02 19:11:55,564 DEBUG [main] SSLConnectionSocketFactory:444 -  peer alternative names: [www.github.com, *.github.com, github.com, *.github.io, github.io, *.githubusercontent.com, githubusercontent.com]
2019-12-02 19:11:55,566 DEBUG [main] SSLConnectionSocketFactory:448 -  issuer principal: CN=DigiCert SHA2 High Assurance Server CA, OU=www.digicert.com, O=DigiCert Inc, C=US
2019-12-02 19:11:55,568 DEBUG [main] DefaultHttpClientConnectionOperator:146 - Connection established 10.0.1.14:61776<->151.101.208.133:443
2019-12-02 19:11:55,569 DEBUG [main] DefaultManagedHttpClientConnection:88 - http-outgoing-0: set socket timeout to 30000
2019-12-02 19:11:55,569 DEBUG [main] MainClientExec:256 - Executing request GET /bonigarcia/webdrivermanager/master/src/main/resources/versions.properties HTTP/1.1
2019-12-02 19:11:55,569 DEBUG [main] MainClientExec:261 - Target auth state: UNCHALLENGED
2019-12-02 19:11:55,570 DEBUG [main] MainClientExec:267 - Proxy auth state: UNCHALLENGED
2019-12-02 19:11:55,573 DEBUG [main] headers:133 - http-outgoing-0 >> GET /bonigarcia/webdrivermanager/master/src/main/resources/versions.properties HTTP/1.1
2019-12-02 19:11:55,573 DEBUG [main] headers:136 - http-outgoing-0 >> User-Agent: Mozilla/5.0
2019-12-02 19:11:55,574 DEBUG [main] headers:136 - http-outgoing-0 >> Connection: keep-alive
2019-12-02 19:11:55,574 DEBUG [main] headers:136 - http-outgoing-0 >> Host: raw.githubusercontent.com
2019-12-02 19:11:55,574 DEBUG [main] headers:136 - http-outgoing-0 >> Accept-Encoding: gzip,deflate
2019-12-02 19:11:55,574 DEBUG [main] wire:73 - http-outgoing-0 >> "GET /bonigarcia/webdrivermanager/master/src/main/resources/versions.properties HTTP/1.1[\r][\n]"
2019-12-02 19:11:55,575 DEBUG [main] wire:73 - http-outgoing-0 >> "User-Agent: Mozilla/5.0[\r][\n]"
2019-12-02 19:11:55,575 DEBUG [main] wire:73 - http-outgoing-0 >> "Connection: keep-alive[\r][\n]"
2019-12-02 19:11:55,575 DEBUG [main] wire:73 - http-outgoing-0 >> "Host: raw.githubusercontent.com[\r][\n]"
2019-12-02 19:11:55,575 DEBUG [main] wire:73 - http-outgoing-0 >> "Accept-Encoding: gzip,deflate[\r][\n]"
2019-12-02 19:11:55,575 DEBUG [main] wire:73 - http-outgoing-0 >> "[\r][\n]"
2019-12-02 19:11:55,599 DEBUG [main] wire:73 - http-outgoing-0 << "HTTP/1.1 200 OK[\r][\n]"
2019-12-02 19:11:55,600 DEBUG [main] wire:73 - http-outgoing-0 << "Content-Security-Policy: default-src 'none'; style-src 'unsafe-inline'; sandbox[\r][\n]"
2019-12-02 19:11:55,600 DEBUG [main] wire:73 - http-outgoing-0 << "Strict-Transport-Security: max-age=31536000[\r][\n]"
2019-12-02 19:11:55,600 DEBUG [main] wire:73 - http-outgoing-0 << "X-Content-Type-Options: nosniff[\r][\n]"
2019-12-02 19:11:55,601 DEBUG [main] wire:73 - http-outgoing-0 << "X-Frame-Options: deny[\r][\n]"
2019-12-02 19:11:55,601 DEBUG [main] wire:73 - http-outgoing-0 << "X-XSS-Protection: 1; mode=block[\r][\n]"
2019-12-02 19:11:55,601 DEBUG [main] wire:73 - http-outgoing-0 << "ETag: W/"cc220cf00395b3223ce06a330d6d42326df4279d5315b997f161bb143dceadd1"[\r][\n]"
2019-12-02 19:11:55,601 DEBUG [main] wire:73 - http-outgoing-0 << "Content-Type: text/plain; charset=utf-8[\r][\n]"
2019-12-02 19:11:55,601 DEBUG [main] wire:73 - http-outgoing-0 << "Cache-Control: max-age=300[\r][\n]"
2019-12-02 19:11:55,601 DEBUG [main] wire:73 - http-outgoing-0 << "X-Geo-Block-List:[\r][\n]"
2019-12-02 19:11:55,601 DEBUG [main] wire:73 - http-outgoing-0 << "X-GitHub-Request-Id: 5DA8:1FE9:285B72:317C78:5DE5A793[\r][\n]"
2019-12-02 19:11:55,602 DEBUG [main] wire:73 - http-outgoing-0 << "Content-Encoding: gzip[\r][\n]"
2019-12-02 19:11:55,603 DEBUG [main] wire:73 - http-outgoing-0 << "Content-Length: 679[\r][\n]"
2019-12-02 19:11:55,603 DEBUG [main] wire:73 - http-outgoing-0 << "Accept-Ranges: bytes[\r][\n]"
2019-12-02 19:11:55,604 DEBUG [main] wire:73 - http-outgoing-0 << "Date: Tue, 03 Dec 2019 00:11:55 GMT[\r][\n]"
2019-12-02 19:11:55,604 DEBUG [main] wire:73 - http-outgoing-0 << "Via: 1.1 varnish[\r][\n]"
2019-12-02 19:11:55,610 DEBUG [main] wire:73 - http-outgoing-0 << "Connection: keep-alive[\r][\n]"
2019-12-02 19:11:55,611 DEBUG [main] wire:73 - http-outgoing-0 << "X-Served-By: cache-ewr18129-EWR[\r][\n]"
2019-12-02 19:11:55,611 DEBUG [main] wire:73 - http-outgoing-0 << "X-Cache: HIT[\r][\n]"
2019-12-02 19:11:55,611 DEBUG [main] wire:73 - http-outgoing-0 << "X-Cache-Hits: 1[\r][\n]"
2019-12-02 19:11:55,611 DEBUG [main] wire:73 - http-outgoing-0 << "X-Timer: S1575331916.585062,VS0,VE0[\r][\n]"
2019-12-02 19:11:55,612 DEBUG [main] wire:73 - http-outgoing-0 << "Vary: Authorization,Accept-Encoding[\r][\n]"
2019-12-02 19:11:55,612 DEBUG [main] wire:73 - http-outgoing-0 << "Access-Control-Allow-Origin: *[\r][\n]"
2019-12-02 19:11:55,612 DEBUG [main] wire:73 - http-outgoing-0 << "X-Fastly-Request-ID: 8ad3c9fc26fd2c60214c05de1b9da46c0bc33221[\r][\n]"
2019-12-02 19:11:55,613 DEBUG [main] wire:73 - http-outgoing-0 << "Expires: Tue, 03 Dec 2019 00:16:55 GMT[\r][\n]"
2019-12-02 19:11:55,613 DEBUG [main] wire:73 - http-outgoing-0 << "Source-Age: 183[\r][\n]"
2019-12-02 19:11:55,613 DEBUG [main] wire:73 - http-outgoing-0 << "[\r][\n]"
2019-12-02 19:11:55,613 DEBUG [main] wire:87 - http-outgoing-0 << "[0x1f][0x8b][0x8][0x0][0x0][0x0][0x0][0x0][0x0][0x3][0x8d][0x95]K[0x8f][0xdb] [0x10][0x80][0xef][0xf9][0x15]H{i[0xf][0xc1][0xbc][0xc]v$_[0xfa]<U=[0xb4][0xf7][0xca][0x89]I[0x82][0xd6]1[0x11][0xf6]n[0xda][0xfe][0xfa]2<[0xbc]l[0xd4]J=~[0x9f]a[0x98]0[0xc3][0xe4][0x1]}?[0x9b][0x19][0x1d][0xcd][0xa8][0xd1][0xc1]NKo[0xa6][0x19]-g[0x8d][0x1e]'{[0x9b][0xd0][0xb3]v[0xb3][0xb1]^[0x1d][0xad]C[0x83]3[0xc0][0xe8][0xcd][0xde]L[0xbd][0xfb][0xf5][0xd6]o[0xb8]\[0xfb][0xc5][0xec][0xfd][0xde][0x9b]Y[0xce]a[0xdf][0xc1]:[0xa7][0xe7][0xab][0x9d][0x6]3[0x9d][0xd0][0xde][0xd9][0xdb][0xac]][0x8e][0xb3][0xd9]<[0xa0]wQ[0xed][0xd0]gkO~[0xe7][0xfb][0xb3][0xb3][0x17][0x8d][0xb6][0xe8]C[0x8][0xbf]C[0x87] [0xe2]a~[0xfd]7[0xfb][0xe4][0xe]z[0x87][0xce][0xcb]r[0xdd]UU[0xf9][0x15][0x7]0O[0x17]l[0xdd][0xa9][0x1a]|[0xc2][0xa3][0xed][0x87]y[0x13][0xd7][0xa8][0xb6]S-&[0x98][0xb7][0xa2][0xc6]\f[0xdb]t[0xaa][0x9][0x96][0x8]LI[0x9d][0xb5][0xea][0x94][0x2][0xdd][0xc8][0x1a][0xb][0x92][0xad][0xec][0x94][0xc][0x96][0xb4][0x98][0xb2]5F[0xdd][0xa9][0x1a][0xb4]R[0x4][0xd3][0x97][0xd5][0xa2]S"h[0xd6][0xe2]u-[0xef][0x14][0x7])[0x1b][0x8e]e[0x93]-[0xeb][0x18][0x16][0xeb][0x1a][0xfa][0x8a][0x8]PNL[0xb6]@"S[0x3][0xc4]2) [0x9a]I[0x2][0xe5]dd[0xed][0x89][0xe7][0xf3][0xa4][0x0]R[0x99]8P>OB.|=[0xf]r[0xe1][0xeb]y[0x90][0xb][0xe7][0xaf][0xea][0xf6][0xc5][0xfe]6[0xe3][0xd8][0xa3]O[0xc6][0xe9][0xa3][0xfd]YT[0xee][0xa4][0xf][0x8f][0xf6][0xaf][0x85][0x9b]}[0xe5]N[0xbe]E[0x9e][0xf6][0xd8]7Mu[0x89]![0xaa]bC[0xe5][0xf4][0xa8][0xfb]Y[0xcf][0x9b]c[0x8c][0xeb]8[0xc1][0xcc][0xdf][0xfe]*[0x1a][0x10]u![0x14][0x8]Q[0x8]y/[0xea]{!@[0xf0]B[0xf0]{[0xc1]@[0xb0]BP[0x10][0xb4][0x10][0xe4]N[0xd4][0xed][0xbd]h[0xee][0x85][0xba][0x17]!SR[0x88]:[0x8b][0xf2][0xaa][0xbf]^[0xb5][0xeb][0x8b][0xb][0xb6][0xc0][0xff]s[0xc1]a[0xe1]l[0x8f][0xcb][0xad]w:R~+[0xf7][0xd7][0x1d]>[0xfa][0x8b]zy[0x15][0x8d]JR[0x14]o[0x82]2[0x92],/[0xdf][0x4]g[0xc9][0xb2][0xf2]I[0x90][0xbc]6[0xb5]r[0x80][0xba]-!5r[0x84][0xd4][0xc7][0x11]R[0x1b]GH][0x1c]!5q[0x84][0xd4][0xc3][0x11]R[0xb]G[0xa0][0xb1]g#[0x90][0x2][0x4]d[0x90]3[0x16][0x90][0x1]O[0xe7][0x8][0xc8][0x80][0xb5][0x9]d[0x84]WMo[0xe][0xce][0xc2][0x85][0xa2][0x8f][0xc3][0xa9][0x9c]V[0x97]Y{[0xf1][0xcf][0x9a][0xc][0xfa]Y[0x8f][0x10][0x15]_r[0x84]P =m[0x9f][0xe6]ju[[0x8]R-[0xd6][0x8e]su[0xd3][0xfb]T#[0xb4][0xdd][0xae][0x81][0xf4][0x84]o[0xe6][0xd1]\[0xf5]`[0xfa]0[0xee][0x80][0xaa]5[0xad][0x1f][0x90][0xd6][0x6][0xa2][0xac]c[0x8f]BW[0x7][0x93]F[0x1e][0x83]jF[0x93][0xa6][0x1d][0xe3][0xab]I[0x93][0x8e]6[0xeb][0xae]4[0xe4](o}c[0x6]%Dwuz[0xeb][0xff]"[0x96]~[0x1c][0xf5][0x10]%[0xeb]$[0xa6][0x8a][0xfa][0x99][0x11][0x90]v[0xbe]Y$k[0xdb][0x88][0xa4][0xf3]c[0xb6]&[0x92][0x7][0xe4]M[0xc7][0xfd][0xc4][0xe4]mD[0x6][0xe5][0xf5]C[0xb8][0x91][0x11]IG=2_[0xfd]?[0xb8][0x1][0xf1][0xe4][0x98][0x6][0x0][0x0]"
2019-12-02 19:11:55,629 DEBUG [main] headers:122 - http-outgoing-0 << HTTP/1.1 200 OK
2019-12-02 19:11:55,630 DEBUG [main] headers:125 - http-outgoing-0 << Content-Security-Policy: default-src 'none'; style-src 'unsafe-inline'; sandbox
2019-12-02 19:11:55,630 DEBUG [main] headers:125 - http-outgoing-0 << Strict-Transport-Security: max-age=31536000
2019-12-02 19:11:55,630 DEBUG [main] headers:125 - http-outgoing-0 << X-Content-Type-Options: nosniff
2019-12-02 19:11:55,630 DEBUG [main] headers:125 - http-outgoing-0 << X-Frame-Options: deny
2019-12-02 19:11:55,630 DEBUG [main] headers:125 - http-outgoing-0 << X-XSS-Protection: 1; mode=block
2019-12-02 19:11:55,631 DEBUG [main] headers:125 - http-outgoing-0 << ETag: W/"cc220cf00395b3223ce06a330d6d42326df4279d5315b997f161bb143dceadd1"
2019-12-02 19:11:55,631 DEBUG [main] headers:125 - http-outgoing-0 << Content-Type: text/plain; charset=utf-8
2019-12-02 19:11:55,631 DEBUG [main] headers:125 - http-outgoing-0 << Cache-Control: max-age=300
2019-12-02 19:11:55,631 DEBUG [main] headers:125 - http-outgoing-0 << X-Geo-Block-List:
2019-12-02 19:11:55,631 DEBUG [main] headers:125 - http-outgoing-0 << X-GitHub-Request-Id: 5DA8:1FE9:285B72:317C78:5DE5A793
2019-12-02 19:11:55,633 DEBUG [main] headers:125 - http-outgoing-0 << Content-Encoding: gzip
2019-12-02 19:11:55,633 DEBUG [main] headers:125 - http-outgoing-0 << Content-Length: 679
2019-12-02 19:11:55,634 DEBUG [main] headers:125 - http-outgoing-0 << Accept-Ranges: bytes
2019-12-02 19:11:55,634 DEBUG [main] headers:125 - http-outgoing-0 << Date: Tue, 03 Dec 2019 00:11:55 GMT
2019-12-02 19:11:55,634 DEBUG [main] headers:125 - http-outgoing-0 << Via: 1.1 varnish
2019-12-02 19:11:55,635 DEBUG [main] headers:125 - http-outgoing-0 << Connection: keep-alive
2019-12-02 19:11:55,635 DEBUG [main] headers:125 - http-outgoing-0 << X-Served-By: cache-ewr18129-EWR
2019-12-02 19:11:55,635 DEBUG [main] headers:125 - http-outgoing-0 << X-Cache: HIT
2019-12-02 19:11:55,635 DEBUG [main] headers:125 - http-outgoing-0 << X-Cache-Hits: 1
2019-12-02 19:11:55,636 DEBUG [main] headers:125 - http-outgoing-0 << X-Timer: S1575331916.585062,VS0,VE0
2019-12-02 19:11:55,636 DEBUG [main] headers:125 - http-outgoing-0 << Vary: Authorization,Accept-Encoding
2019-12-02 19:11:55,636 DEBUG [main] headers:125 - http-outgoing-0 << Access-Control-Allow-Origin: *
2019-12-02 19:11:55,636 DEBUG [main] headers:125 - http-outgoing-0 << X-Fastly-Request-ID: 8ad3c9fc26fd2c60214c05de1b9da46c0bc33221
2019-12-02 19:11:55,636 DEBUG [main] headers:125 - http-outgoing-0 << Expires: Tue, 03 Dec 2019 00:16:55 GMT
2019-12-02 19:11:55,636 DEBUG [main] headers:125 - http-outgoing-0 << Source-Age: 183
2019-12-02 19:11:55,642 DEBUG [main] MainClientExec:285 - Connection can be kept alive indefinitely
2019-12-02 19:11:55,660 DEBUG [main] PoolingHttpClientConnectionManager:341 - Connection [id: 0][route: {s}->https://raw.githubusercontent.com:443] can be kept alive indefinitely
2019-12-02 19:11:55,660 DEBUG [main] DefaultManagedHttpClientConnection:88 - http-outgoing-0: set socket timeout to 0
2019-12-02 19:11:55,660 DEBUG [main] PoolingHttpClientConnectionManager:348 - Connection released: [id: 0][route: {s}->https://raw.githubusercontent.com:443][total kept alive: 1; route allocated: 1 of 2; total allocated: 1 of 20]
2019-12-02 19:12:03,233  INFO [main] LoginTest:35 - setUp confg
2019-12-02 19:12:06,900  INFO [main] LoginTest:41 - Login test logs: correct pass ans user
2019-12-02 19:12:11,023  INFO [main] LoginTest:31 - Browser is launching
2019-12-02 19:12:17,414  INFO [main] LoginTest:35 - setUp confg
2019-12-02 19:12:21,102  INFO [main] LoginTest:31 - Browser is launching
2019-12-02 19:12:27,448  INFO [main] LoginTest:35 - setUp confg
2019-12-02 19:12:31,057  INFO [main] LoginTest:31 - Browser is launching
2019-12-02 19:12:37,404  INFO [main] LoginTest:35 - setUp confg
2019-12-02 19:12:38,103 DEBUG [Finalizer] PoolingHttpClientConnectionManager:408 - Connection manager is shutting down
2019-12-02 19:12:38,104 DEBUG [Finalizer] PoolingHttpClientConnectionManager:414 - Connection manager shut down
2019-12-02 19:12:38,104 DEBUG [Finalizer] PoolingHttpClientConnectionManager:408 - Connection manager is shutting down
2019-12-02 19:12:38,104 DEBUG [Finalizer] PoolingHttpClientConnectionManager:414 - Connection manager shut down
2019-12-02 19:12:38,112 DEBUG [main] cache:45 - Couldn't find template in cache for "Extent.ftl"("en_US", UTF-8, parsed); will try to load it.
2019-12-02 19:12:38,113 DEBUG [main] cache:45 - TemplateLoader.findTemplateSource("Extent_en_US.ftl"): Not found
2019-12-02 19:12:38,116 DEBUG [main] cache:45 - TemplateLoader.findTemplateSource("Extent_en.ftl"): Not found
2019-12-02 19:12:38,118 DEBUG [main] cache:45 - TemplateLoader.findTemplateSource("Extent.ftl"): Found
2019-12-02 19:12:38,118 DEBUG [main] cache:45 - Loading template for "Extent.ftl"("en_US", UTF-8, parsed) from "jar:file:/Users/mehmetdelidogan/.m2/repository/com/relevantcodes/extentreports/2.41.2/extentreports-2.41.2.jar!/com/relevantcodes/extentreports/view/Extent.ftl"
2019-12-02 19:12:38,374 DEBUG [main] cache:45 - Couldn't find template in cache for "Extent.ftl"("en_US", UTF-8, parsed); will try to load it.
2019-12-02 19:12:38,375 DEBUG [main] cache:45 - TemplateLoader.findTemplateSource("Extent_en_US.ftl"): Not found
2019-12-02 19:12:38,375 DEBUG [main] cache:45 - TemplateLoader.findTemplateSource("Extent_en.ftl"): Not found
2019-12-02 19:12:38,376 DEBUG [main] cache:45 - TemplateLoader.findTemplateSource("Extent.ftl"): Found
2019-12-02 19:12:38,376 DEBUG [main] cache:45 - Loading template for "Extent.ftl"("en_US", UTF-8, parsed) from "jar:file:/Users/mehmetdelidogan/.m2/repository/com/relevantcodes/extentreports/2.41.2/extentreports-2.41.2.jar!/com/relevantcodes/extentreports/view/Extent.ftl"
2019-12-05 21:17:10,094  INFO [main] LoginTest:31 - Browser is launching
2019-12-05 21:17:19,051  INFO [main] LoginTest:35 - setUp confg
2019-12-12 13:58:08,653 DEBUG [main] RequestAddCookies:123 - CookieSpec selected: standard
2019-12-12 13:58:08,680 DEBUG [main] RequestAuthCache:77 - Auth cache not set in the context
2019-12-12 13:58:08,683 DEBUG [main] PoolingHttpClientConnectionManager:265 - Connection request: [route: {s}->https://chromedriver.storage.googleapis.com:443][total kept alive: 0; route allocated: 0 of 2; total allocated: 0 of 20]
2019-12-12 13:58:08,716 DEBUG [main] PoolingHttpClientConnectionManager:309 - Connection leased: [id: 0][route: {s}->https://chromedriver.storage.googleapis.com:443][total kept alive: 0; route allocated: 1 of 2; total allocated: 1 of 20]
2019-12-12 13:58:08,729 DEBUG [main] MainClientExec:235 - Opening connection {s}->https://chromedriver.storage.googleapis.com:443
2019-12-12 13:58:08,783 DEBUG [main] DefaultHttpClientConnectionOperator:139 - Connecting to chromedriver.storage.googleapis.com/172.217.12.144:443
2019-12-12 13:58:08,786 DEBUG [main] SSLConnectionSocketFactory:337 - Connecting socket to chromedriver.storage.googleapis.com/172.217.12.144:443 with timeout 0
2019-12-12 13:58:08,912 DEBUG [main] SSLConnectionSocketFactory:390 - Enabled protocols: [TLSv1, TLSv1.1, TLSv1.2]
2019-12-12 13:58:08,912 DEBUG [main] SSLConnectionSocketFactory:391 - Enabled cipher suites:[TLS_ECDHE_ECDSA_WITH_AES_256_CBC_SHA384, TLS_ECDHE_RSA_WITH_AES_256_CBC_SHA384, TLS_RSA_WITH_AES_256_CBC_SHA256, TLS_ECDH_ECDSA_WITH_AES_256_CBC_SHA384, TLS_ECDH_RSA_WITH_AES_256_CBC_SHA384, TLS_DHE_RSA_WITH_AES_256_CBC_SHA256, TLS_DHE_DSS_WITH_AES_256_CBC_SHA256, TLS_ECDHE_ECDSA_WITH_AES_256_CBC_SHA, TLS_ECDHE_RSA_WITH_AES_256_CBC_SHA, TLS_RSA_WITH_AES_256_CBC_SHA, TLS_ECDH_ECDSA_WITH_AES_256_CBC_SHA, TLS_ECDH_RSA_WITH_AES_256_CBC_SHA, TLS_DHE_RSA_WITH_AES_256_CBC_SHA, TLS_DHE_DSS_WITH_AES_256_CBC_SHA, TLS_ECDHE_ECDSA_WITH_AES_128_CBC_SHA256, TLS_ECDHE_RSA_WITH_AES_128_CBC_SHA256, TLS_RSA_WITH_AES_128_CBC_SHA256, TLS_ECDH_ECDSA_WITH_AES_128_CBC_SHA256, TLS_ECDH_RSA_WITH_AES_128_CBC_SHA256, TLS_DHE_RSA_WITH_AES_128_CBC_SHA256, TLS_DHE_DSS_WITH_AES_128_CBC_SHA256, TLS_ECDHE_ECDSA_WITH_AES_128_CBC_SHA, TLS_ECDHE_RSA_WITH_AES_128_CBC_SHA, TLS_RSA_WITH_AES_128_CBC_SHA, TLS_ECDH_ECDSA_WITH_AES_128_CBC_SHA, TLS_ECDH_RSA_WITH_AES_128_CBC_SHA, TLS_DHE_RSA_WITH_AES_128_CBC_SHA, TLS_DHE_DSS_WITH_AES_128_CBC_SHA, TLS_ECDHE_ECDSA_WITH_AES_256_GCM_SHA384, TLS_ECDHE_ECDSA_WITH_AES_128_GCM_SHA256, TLS_ECDHE_RSA_WITH_AES_256_GCM_SHA384, TLS_RSA_WITH_AES_256_GCM_SHA384, TLS_ECDH_ECDSA_WITH_AES_256_GCM_SHA384, TLS_ECDH_RSA_WITH_AES_256_GCM_SHA384, TLS_DHE_RSA_WITH_AES_256_GCM_SHA384, TLS_DHE_DSS_WITH_AES_256_GCM_SHA384, TLS_ECDHE_RSA_WITH_AES_128_GCM_SHA256, TLS_RSA_WITH_AES_128_GCM_SHA256, TLS_ECDH_ECDSA_WITH_AES_128_GCM_SHA256, TLS_ECDH_RSA_WITH_AES_128_GCM_SHA256, TLS_DHE_RSA_WITH_AES_128_GCM_SHA256, TLS_DHE_DSS_WITH_AES_128_GCM_SHA256, TLS_EMPTY_RENEGOTIATION_INFO_SCSV]
2019-12-12 13:58:08,913 DEBUG [main] SSLConnectionSocketFactory:395 - Starting handshake
2019-12-12 13:58:09,107 DEBUG [main] SSLConnectionSocketFactory:425 - Secure session established
2019-12-12 13:58:09,108 DEBUG [main] SSLConnectionSocketFactory:426 -  negotiated protocol: TLSv1.2
2019-12-12 13:58:09,108 DEBUG [main] SSLConnectionSocketFactory:427 -  negotiated cipher suite: TLS_ECDHE_ECDSA_WITH_AES_128_GCM_SHA256
2019-12-12 13:58:09,109 DEBUG [main] SSLConnectionSocketFactory:435 -  peer principal: CN=*.storage.googleapis.com, O=Google LLC, L=Mountain View, ST=California, C=US
2019-12-12 13:58:09,109 DEBUG [main] SSLConnectionSocketFactory:444 -  peer alternative names: [*.storage.googleapis.com, *.appspot.com.storage.googleapis.com, *.commondatastorage.googleapis.com, *.content-storage-download.googleapis.com, *.content-storage-upload.googleapis.com, *.content-storage.googleapis.com, *.googleapis.com, *.storage-download.googleapis.com, *.storage-upload.googleapis.com, *.storage.select.googleapis.com, commondatastorage.googleapis.com, storage.googleapis.com, storage.select.googleapis.com, unfiltered.news]
2019-12-12 13:58:09,110 DEBUG [main] SSLConnectionSocketFactory:448 -  issuer principal: CN=GTS CA 1O1, O=Google Trust Services, C=US
2019-12-12 13:58:09,113 DEBUG [main] DefaultHttpClientConnectionOperator:146 - Connection established 192.168.0.3:52398<->172.217.12.144:443
2019-12-12 13:58:09,114 DEBUG [main] DefaultManagedHttpClientConnection:88 - http-outgoing-0: set socket timeout to 30000
2019-12-12 13:58:09,114 DEBUG [main] MainClientExec:256 - Executing request GET /LATEST_RELEASE HTTP/1.1
2019-12-12 13:58:09,114 DEBUG [main] MainClientExec:261 - Target auth state: UNCHALLENGED
2019-12-12 13:58:09,116 DEBUG [main] MainClientExec:267 - Proxy auth state: UNCHALLENGED
2019-12-12 13:58:09,118 DEBUG [main] headers:133 - http-outgoing-0 >> GET /LATEST_RELEASE HTTP/1.1
2019-12-12 13:58:09,119 DEBUG [main] headers:136 - http-outgoing-0 >> User-Agent: Mozilla/5.0
2019-12-12 13:58:09,119 DEBUG [main] headers:136 - http-outgoing-0 >> Connection: keep-alive
2019-12-12 13:58:09,119 DEBUG [main] headers:136 - http-outgoing-0 >> Host: chromedriver.storage.googleapis.com
2019-12-12 13:58:09,120 DEBUG [main] headers:136 - http-outgoing-0 >> Accept-Encoding: gzip,deflate
2019-12-12 13:58:09,120 DEBUG [main] wire:73 - http-outgoing-0 >> "GET /LATEST_RELEASE HTTP/1.1[\r][\n]"
2019-12-12 13:58:09,120 DEBUG [main] wire:73 - http-outgoing-0 >> "User-Agent: Mozilla/5.0[\r][\n]"
2019-12-12 13:58:09,121 DEBUG [main] wire:73 - http-outgoing-0 >> "Connection: keep-alive[\r][\n]"
2019-12-12 13:58:09,121 DEBUG [main] wire:73 - http-outgoing-0 >> "Host: chromedriver.storage.googleapis.com[\r][\n]"
2019-12-12 13:58:09,121 DEBUG [main] wire:73 - http-outgoing-0 >> "Accept-Encoding: gzip,deflate[\r][\n]"
2019-12-12 13:58:09,122 DEBUG [main] wire:73 - http-outgoing-0 >> "[\r][\n]"
2019-12-12 13:58:09,169 DEBUG [main] wire:73 - http-outgoing-0 << "HTTP/1.1 200 OK[\r][\n]"
2019-12-12 13:58:09,169 DEBUG [main] wire:73 - http-outgoing-0 << "X-GUploader-UploadID: AEnB2UroFZk98pDhnG1aZkRN3pUascNz38oLUVPTQifLhiZcWSefK9b8PwHTvc89SQc-bqXYhqpRShuegzekFHoqzUEiZ4DpIA[\r][\n]"
2019-12-12 13:58:09,170 DEBUG [main] wire:73 - http-outgoing-0 << "Expires: Thu, 12 Dec 2019 22:03:35 GMT[\r][\n]"
2019-12-12 13:58:09,170 DEBUG [main] wire:73 - http-outgoing-0 << "Date: Thu, 12 Dec 2019 21:03:35 GMT[\r][\n]"
2019-12-12 13:58:09,171 DEBUG [main] wire:73 - http-outgoing-0 << "Last-Modified: Mon, 18 Nov 2019 18:23:00 GMT[\r][\n]"
2019-12-12 13:58:09,171 DEBUG [main] wire:73 - http-outgoing-0 << "ETag: "b9bde7b64efbdd91bcd063096c26c2f3"[\r][\n]"
2019-12-12 13:58:09,172 DEBUG [main] wire:73 - http-outgoing-0 << "x-goog-generation: 1574101380239091[\r][\n]"
2019-12-12 13:58:09,172 DEBUG [main] wire:73 - http-outgoing-0 << "x-goog-metageneration: 1[\r][\n]"
2019-12-12 13:58:09,173 DEBUG [main] wire:73 - http-outgoing-0 << "x-goog-stored-content-encoding: identity[\r][\n]"
2019-12-12 13:58:09,173 DEBUG [main] wire:73 - http-outgoing-0 << "x-goog-stored-content-length: 13[\r][\n]"
2019-12-12 13:58:09,174 DEBUG [main] wire:73 - http-outgoing-0 << "Content-Type: text/plain[\r][\n]"
2019-12-12 13:58:09,174 DEBUG [main] wire:73 - http-outgoing-0 << "Content-Language: en[\r][\n]"
2019-12-12 13:58:09,174 DEBUG [main] wire:73 - http-outgoing-0 << "x-goog-hash: crc32c=ZrfQ6Q==[\r][\n]"
2019-12-12 13:58:09,175 DEBUG [main] wire:73 - http-outgoing-0 << "x-goog-hash: md5=ub3ntk773ZG80GMJbCbC8w==[\r][\n]"
2019-12-12 13:58:09,175 DEBUG [main] wire:73 - http-outgoing-0 << "x-goog-storage-class: STANDARD[\r][\n]"
2019-12-12 13:58:09,175 DEBUG [main] wire:73 - http-outgoing-0 << "Accept-Ranges: bytes[\r][\n]"
2019-12-12 13:58:09,175 DEBUG [main] wire:73 - http-outgoing-0 << "Content-Length: 13[\r][\n]"
2019-12-12 13:58:09,176 DEBUG [main] wire:73 - http-outgoing-0 << "Server: UploadServer[\r][\n]"
2019-12-12 13:58:09,176 DEBUG [main] wire:73 - http-outgoing-0 << "Cache-Control: public, max-age=3600[\r][\n]"
2019-12-12 13:58:09,176 DEBUG [main] wire:73 - http-outgoing-0 << "Age: 3274[\r][\n]"
2019-12-12 13:58:09,177 DEBUG [main] wire:73 - http-outgoing-0 << "Alt-Svc: quic=":443"; ma=2592000; v="46,43",h3-Q050=":443"; ma=2592000,h3-Q049=":443"; ma=2592000,h3-Q048=":443"; ma=2592000,h3-Q046=":443"; ma=2592000,h3-Q043=":443"; ma=2592000[\r][\n]"
2019-12-12 13:58:09,177 DEBUG [main] wire:73 - http-outgoing-0 << "[\r][\n]"
2019-12-12 13:58:09,177 DEBUG [main] wire:87 - http-outgoing-0 << "78.0.3904.105"
2019-12-12 13:58:09,184 DEBUG [main] headers:122 - http-outgoing-0 << HTTP/1.1 200 OK
2019-12-12 13:58:09,184 DEBUG [main] headers:125 - http-outgoing-0 << X-GUploader-UploadID: AEnB2UroFZk98pDhnG1aZkRN3pUascNz38oLUVPTQifLhiZcWSefK9b8PwHTvc89SQc-bqXYhqpRShuegzekFHoqzUEiZ4DpIA
2019-12-12 13:58:09,185 DEBUG [main] headers:125 - http-outgoing-0 << Expires: Thu, 12 Dec 2019 22:03:35 GMT
2019-12-12 13:58:09,185 DEBUG [main] headers:125 - http-outgoing-0 << Date: Thu, 12 Dec 2019 21:03:35 GMT
2019-12-12 13:58:09,186 DEBUG [main] headers:125 - http-outgoing-0 << Last-Modified: Mon, 18 Nov 2019 18:23:00 GMT
2019-12-12 13:58:09,186 DEBUG [main] headers:125 - http-outgoing-0 << ETag: "b9bde7b64efbdd91bcd063096c26c2f3"
2019-12-12 13:58:09,187 DEBUG [main] headers:125 - http-outgoing-0 << x-goog-generation: 1574101380239091
2019-12-12 13:58:09,188 DEBUG [main] headers:125 - http-outgoing-0 << x-goog-metageneration: 1
2019-12-12 13:58:09,190 DEBUG [main] headers:125 - http-outgoing-0 << x-goog-stored-content-encoding: identity
2019-12-12 13:58:09,190 DEBUG [main] headers:125 - http-outgoing-0 << x-goog-stored-content-length: 13
2019-12-12 13:58:09,191 DEBUG [main] headers:125 - http-outgoing-0 << Content-Type: text/plain
2019-12-12 13:58:09,191 DEBUG [main] headers:125 - http-outgoing-0 << Content-Language: en
2019-12-12 13:58:09,191 DEBUG [main] headers:125 - http-outgoing-0 << x-goog-hash: crc32c=ZrfQ6Q==
2019-12-12 13:58:09,191 DEBUG [main] headers:125 - http-outgoing-0 << x-goog-hash: md5=ub3ntk773ZG80GMJbCbC8w==
2019-12-12 13:58:09,192 DEBUG [main] headers:125 - http-outgoing-0 << x-goog-storage-class: STANDARD
2019-12-12 13:58:09,192 DEBUG [main] headers:125 - http-outgoing-0 << Accept-Ranges: bytes
2019-12-12 13:58:09,192 DEBUG [main] headers:125 - http-outgoing-0 << Content-Length: 13
2019-12-12 13:58:09,192 DEBUG [main] headers:125 - http-outgoing-0 << Server: UploadServer
2019-12-12 13:58:09,192 DEBUG [main] headers:125 - http-outgoing-0 << Cache-Control: public, max-age=3600
2019-12-12 13:58:09,193 DEBUG [main] headers:125 - http-outgoing-0 << Age: 3274
2019-12-12 13:58:09,193 DEBUG [main] headers:125 - http-outgoing-0 << Alt-Svc: quic=":443"; ma=2592000; v="46,43",h3-Q050=":443"; ma=2592000,h3-Q049=":443"; ma=2592000,h3-Q048=":443"; ma=2592000,h3-Q046=":443"; ma=2592000,h3-Q043=":443"; ma=2592000
2019-12-12 13:58:09,200 DEBUG [main] MainClientExec:285 - Connection can be kept alive indefinitely
2019-12-12 13:58:09,216 DEBUG [main] PoolingHttpClientConnectionManager:341 - Connection [id: 0][route: {s}->https://chromedriver.storage.googleapis.com:443] can be kept alive indefinitely
2019-12-12 13:58:09,217 DEBUG [main] DefaultManagedHttpClientConnection:88 - http-outgoing-0: set socket timeout to 0
2019-12-12 13:58:09,217 DEBUG [main] PoolingHttpClientConnectionManager:348 - Connection released: [id: 0][route: {s}->https://chromedriver.storage.googleapis.com:443][total kept alive: 1; route allocated: 1 of 2; total allocated: 1 of 20]
2019-12-12 13:58:41,034 DEBUG [main] RequestAddCookies:123 - CookieSpec selected: standard
2019-12-12 13:58:41,052 DEBUG [main] RequestAuthCache:77 - Auth cache not set in the context
2019-12-12 13:58:41,054 DEBUG [main] PoolingHttpClientConnectionManager:265 - Connection request: [route: {s}->https://chromedriver.storage.googleapis.com:443][total kept alive: 0; route allocated: 0 of 2; total allocated: 0 of 20]
2019-12-12 13:58:41,093 DEBUG [main] PoolingHttpClientConnectionManager:309 - Connection leased: [id: 0][route: {s}->https://chromedriver.storage.googleapis.com:443][total kept alive: 0; route allocated: 1 of 2; total allocated: 1 of 20]
2019-12-12 13:58:41,095 DEBUG [main] MainClientExec:235 - Opening connection {s}->https://chromedriver.storage.googleapis.com:443
2019-12-12 13:58:41,102 DEBUG [main] DefaultHttpClientConnectionOperator:139 - Connecting to chromedriver.storage.googleapis.com/172.217.12.144:443
2019-12-12 13:58:41,103 DEBUG [main] SSLConnectionSocketFactory:337 - Connecting socket to chromedriver.storage.googleapis.com/172.217.12.144:443 with timeout 0
2019-12-12 13:58:41,271 DEBUG [main] SSLConnectionSocketFactory:390 - Enabled protocols: [TLSv1, TLSv1.1, TLSv1.2]
2019-12-12 13:58:41,271 DEBUG [main] SSLConnectionSocketFactory:391 - Enabled cipher suites:[TLS_ECDHE_ECDSA_WITH_AES_256_CBC_SHA384, TLS_ECDHE_RSA_WITH_AES_256_CBC_SHA384, TLS_RSA_WITH_AES_256_CBC_SHA256, TLS_ECDH_ECDSA_WITH_AES_256_CBC_SHA384, TLS_ECDH_RSA_WITH_AES_256_CBC_SHA384, TLS_DHE_RSA_WITH_AES_256_CBC_SHA256, TLS_DHE_DSS_WITH_AES_256_CBC_SHA256, TLS_ECDHE_ECDSA_WITH_AES_256_CBC_SHA, TLS_ECDHE_RSA_WITH_AES_256_CBC_SHA, TLS_RSA_WITH_AES_256_CBC_SHA, TLS_ECDH_ECDSA_WITH_AES_256_CBC_SHA, TLS_ECDH_RSA_WITH_AES_256_CBC_SHA, TLS_DHE_RSA_WITH_AES_256_CBC_SHA, TLS_DHE_DSS_WITH_AES_256_CBC_SHA, TLS_ECDHE_ECDSA_WITH_AES_128_CBC_SHA256, TLS_ECDHE_RSA_WITH_AES_128_CBC_SHA256, TLS_RSA_WITH_AES_128_CBC_SHA256, TLS_ECDH_ECDSA_WITH_AES_128_CBC_SHA256, TLS_ECDH_RSA_WITH_AES_128_CBC_SHA256, TLS_DHE_RSA_WITH_AES_128_CBC_SHA256, TLS_DHE_DSS_WITH_AES_128_CBC_SHA256, TLS_ECDHE_ECDSA_WITH_AES_128_CBC_SHA, TLS_ECDHE_RSA_WITH_AES_128_CBC_SHA, TLS_RSA_WITH_AES_128_CBC_SHA, TLS_ECDH_ECDSA_WITH_AES_128_CBC_SHA, TLS_ECDH_RSA_WITH_AES_128_CBC_SHA, TLS_DHE_RSA_WITH_AES_128_CBC_SHA, TLS_DHE_DSS_WITH_AES_128_CBC_SHA, TLS_ECDHE_ECDSA_WITH_AES_256_GCM_SHA384, TLS_ECDHE_ECDSA_WITH_AES_128_GCM_SHA256, TLS_ECDHE_RSA_WITH_AES_256_GCM_SHA384, TLS_RSA_WITH_AES_256_GCM_SHA384, TLS_ECDH_ECDSA_WITH_AES_256_GCM_SHA384, TLS_ECDH_RSA_WITH_AES_256_GCM_SHA384, TLS_DHE_RSA_WITH_AES_256_GCM_SHA384, TLS_DHE_DSS_WITH_AES_256_GCM_SHA384, TLS_ECDHE_RSA_WITH_AES_128_GCM_SHA256, TLS_RSA_WITH_AES_128_GCM_SHA256, TLS_ECDH_ECDSA_WITH_AES_128_GCM_SHA256, TLS_ECDH_RSA_WITH_AES_128_GCM_SHA256, TLS_DHE_RSA_WITH_AES_128_GCM_SHA256, TLS_DHE_DSS_WITH_AES_128_GCM_SHA256, TLS_EMPTY_RENEGOTIATION_INFO_SCSV]
2019-12-12 13:58:41,271 DEBUG [main] SSLConnectionSocketFactory:395 - Starting handshake
2019-12-12 13:58:41,472 DEBUG [main] SSLConnectionSocketFactory:425 - Secure session established
2019-12-12 13:58:41,473 DEBUG [main] SSLConnectionSocketFactory:426 -  negotiated protocol: TLSv1.2
2019-12-12 13:58:41,473 DEBUG [main] SSLConnectionSocketFactory:427 -  negotiated cipher suite: TLS_ECDHE_ECDSA_WITH_AES_128_GCM_SHA256
2019-12-12 13:58:41,473 DEBUG [main] SSLConnectionSocketFactory:435 -  peer principal: CN=*.storage.googleapis.com, O=Google LLC, L=Mountain View, ST=California, C=US
2019-12-12 13:58:41,473 DEBUG [main] SSLConnectionSocketFactory:444 -  peer alternative names: [*.storage.googleapis.com, *.appspot.com.storage.googleapis.com, *.commondatastorage.googleapis.com, *.content-storage-download.googleapis.com, *.content-storage-upload.googleapis.com, *.content-storage.googleapis.com, *.googleapis.com, *.storage-download.googleapis.com, *.storage-upload.googleapis.com, *.storage.select.googleapis.com, commondatastorage.googleapis.com, storage.googleapis.com, storage.select.googleapis.com, unfiltered.news]
2019-12-12 13:58:41,474 DEBUG [main] SSLConnectionSocketFactory:448 -  issuer principal: CN=GTS CA 1O1, O=Google Trust Services, C=US
2019-12-12 13:58:41,477 DEBUG [main] DefaultHttpClientConnectionOperator:146 - Connection established 192.168.0.3:52404<->172.217.12.144:443
2019-12-12 13:58:41,478 DEBUG [main] DefaultManagedHttpClientConnection:88 - http-outgoing-0: set socket timeout to 30000
2019-12-12 13:58:41,478 DEBUG [main] MainClientExec:256 - Executing request GET /LATEST_RELEASE HTTP/1.1
2019-12-12 13:58:41,478 DEBUG [main] MainClientExec:261 - Target auth state: UNCHALLENGED
2019-12-12 13:58:41,479 DEBUG [main] MainClientExec:267 - Proxy auth state: UNCHALLENGED
2019-12-12 13:58:41,482 DEBUG [main] headers:133 - http-outgoing-0 >> GET /LATEST_RELEASE HTTP/1.1
2019-12-12 13:58:41,482 DEBUG [main] headers:136 - http-outgoing-0 >> User-Agent: Mozilla/5.0
2019-12-12 13:58:41,482 DEBUG [main] headers:136 - http-outgoing-0 >> Connection: keep-alive
2019-12-12 13:58:41,483 DEBUG [main] headers:136 - http-outgoing-0 >> Host: chromedriver.storage.googleapis.com
2019-12-12 13:58:41,483 DEBUG [main] headers:136 - http-outgoing-0 >> Accept-Encoding: gzip,deflate
2019-12-12 13:58:41,483 DEBUG [main] wire:73 - http-outgoing-0 >> "GET /LATEST_RELEASE HTTP/1.1[\r][\n]"
2019-12-12 13:58:41,484 DEBUG [main] wire:73 - http-outgoing-0 >> "User-Agent: Mozilla/5.0[\r][\n]"
2019-12-12 13:58:41,484 DEBUG [main] wire:73 - http-outgoing-0 >> "Connection: keep-alive[\r][\n]"
2019-12-12 13:58:41,484 DEBUG [main] wire:73 - http-outgoing-0 >> "Host: chromedriver.storage.googleapis.com[\r][\n]"
2019-12-12 13:58:41,485 DEBUG [main] wire:73 - http-outgoing-0 >> "Accept-Encoding: gzip,deflate[\r][\n]"
2019-12-12 13:58:41,485 DEBUG [main] wire:73 - http-outgoing-0 >> "[\r][\n]"
2019-12-12 13:58:41,524 DEBUG [main] wire:73 - http-outgoing-0 << "HTTP/1.1 200 OK[\r][\n]"
2019-12-12 13:58:41,527 DEBUG [main] wire:73 - http-outgoing-0 << "X-GUploader-UploadID: AEnB2UroFZk98pDhnG1aZkRN3pUascNz38oLUVPTQifLhiZcWSefK9b8PwHTvc89SQc-bqXYhqpRShuegzekFHoqzUEiZ4DpIA[\r][\n]"
2019-12-12 13:58:41,527 DEBUG [main] wire:73 - http-outgoing-0 << "Expires: Thu, 12 Dec 2019 22:03:35 GMT[\r][\n]"
2019-12-12 13:58:41,528 DEBUG [main] wire:73 - http-outgoing-0 << "Date: Thu, 12 Dec 2019 21:03:35 GMT[\r][\n]"
2019-12-12 13:58:41,528 DEBUG [main] wire:73 - http-outgoing-0 << "Last-Modified: Mon, 18 Nov 2019 18:23:00 GMT[\r][\n]"
2019-12-12 13:58:41,528 DEBUG [main] wire:73 - http-outgoing-0 << "ETag: "b9bde7b64efbdd91bcd063096c26c2f3"[\r][\n]"
2019-12-12 13:58:41,529 DEBUG [main] wire:73 - http-outgoing-0 << "x-goog-generation: 1574101380239091[\r][\n]"
2019-12-12 13:58:41,529 DEBUG [main] wire:73 - http-outgoing-0 << "x-goog-metageneration: 1[\r][\n]"
2019-12-12 13:58:41,530 DEBUG [main] wire:73 - http-outgoing-0 << "x-goog-stored-content-encoding: identity[\r][\n]"
2019-12-12 13:58:41,530 DEBUG [main] wire:73 - http-outgoing-0 << "x-goog-stored-content-length: 13[\r][\n]"
2019-12-12 13:58:41,533 DEBUG [main] wire:73 - http-outgoing-0 << "Content-Type: text/plain[\r][\n]"
2019-12-12 13:58:41,534 DEBUG [main] wire:73 - http-outgoing-0 << "Content-Language: en[\r][\n]"
2019-12-12 13:58:41,535 DEBUG [main] wire:73 - http-outgoing-0 << "x-goog-hash: crc32c=ZrfQ6Q==[\r][\n]"
2019-12-12 13:58:41,535 DEBUG [main] wire:73 - http-outgoing-0 << "x-goog-hash: md5=ub3ntk773ZG80GMJbCbC8w==[\r][\n]"
2019-12-12 13:58:41,535 DEBUG [main] wire:73 - http-outgoing-0 << "x-goog-storage-class: STANDARD[\r][\n]"
2019-12-12 13:58:41,535 DEBUG [main] wire:73 - http-outgoing-0 << "Accept-Ranges: bytes[\r][\n]"
2019-12-12 13:58:41,535 DEBUG [main] wire:73 - http-outgoing-0 << "Content-Length: 13[\r][\n]"
2019-12-12 13:58:41,536 DEBUG [main] wire:73 - http-outgoing-0 << "Server: UploadServer[\r][\n]"
2019-12-12 13:58:41,536 DEBUG [main] wire:73 - http-outgoing-0 << "Cache-Control: public, max-age=3600[\r][\n]"
2019-12-12 13:58:41,536 DEBUG [main] wire:73 - http-outgoing-0 << "Age: 3306[\r][\n]"
2019-12-12 13:58:41,536 DEBUG [main] wire:73 - http-outgoing-0 << "Alt-Svc: quic=":443"; ma=2592000; v="46,43",h3-Q050=":443"; ma=2592000,h3-Q049=":443"; ma=2592000,h3-Q048=":443"; ma=2592000,h3-Q046=":443"; ma=2592000,h3-Q043=":443"; ma=2592000[\r][\n]"
2019-12-12 13:58:41,537 DEBUG [main] wire:73 - http-outgoing-0 << "[\r][\n]"
2019-12-12 13:58:41,537 DEBUG [main] wire:87 - http-outgoing-0 << "78.0.3904.105"
2019-12-12 13:58:41,554 DEBUG [main] headers:122 - http-outgoing-0 << HTTP/1.1 200 OK
2019-12-12 13:58:41,555 DEBUG [main] headers:125 - http-outgoing-0 << X-GUploader-UploadID: AEnB2UroFZk98pDhnG1aZkRN3pUascNz38oLUVPTQifLhiZcWSefK9b8PwHTvc89SQc-bqXYhqpRShuegzekFHoqzUEiZ4DpIA
2019-12-12 13:58:41,556 DEBUG [main] headers:125 - http-outgoing-0 << Expires: Thu, 12 Dec 2019 22:03:35 GMT
2019-12-12 13:58:41,557 DEBUG [main] headers:125 - http-outgoing-0 << Date: Thu, 12 Dec 2019 21:03:35 GMT
2019-12-12 13:58:41,557 DEBUG [main] headers:125 - http-outgoing-0 << Last-Modified: Mon, 18 Nov 2019 18:23:00 GMT
2019-12-12 13:58:41,557 DEBUG [main] headers:125 - http-outgoing-0 << ETag: "b9bde7b64efbdd91bcd063096c26c2f3"
2019-12-12 13:58:41,557 DEBUG [main] headers:125 - http-outgoing-0 << x-goog-generation: 1574101380239091
2019-12-12 13:58:41,558 DEBUG [main] headers:125 - http-outgoing-0 << x-goog-metageneration: 1
2019-12-12 13:58:41,558 DEBUG [main] headers:125 - http-outgoing-0 << x-goog-stored-content-encoding: identity
2019-12-12 13:58:41,558 DEBUG [main] headers:125 - http-outgoing-0 << x-goog-stored-content-length: 13
2019-12-12 13:58:41,558 DEBUG [main] headers:125 - http-outgoing-0 << Content-Type: text/plain
2019-12-12 13:58:41,559 DEBUG [main] headers:125 - http-outgoing-0 << Content-Language: en
2019-12-12 13:58:41,559 DEBUG [main] headers:125 - http-outgoing-0 << x-goog-hash: crc32c=ZrfQ6Q==
2019-12-12 13:58:41,559 DEBUG [main] headers:125 - http-outgoing-0 << x-goog-hash: md5=ub3ntk773ZG80GMJbCbC8w==
2019-12-12 13:58:41,559 DEBUG [main] headers:125 - http-outgoing-0 << x-goog-storage-class: STANDARD
2019-12-12 13:58:41,560 DEBUG [main] headers:125 - http-outgoing-0 << Accept-Ranges: bytes
2019-12-12 13:58:41,561 DEBUG [main] headers:125 - http-outgoing-0 << Content-Length: 13
2019-12-12 13:58:41,561 DEBUG [main] headers:125 - http-outgoing-0 << Server: UploadServer
2019-12-12 13:58:41,561 DEBUG [main] headers:125 - http-outgoing-0 << Cache-Control: public, max-age=3600
2019-12-12 13:58:41,561 DEBUG [main] headers:125 - http-outgoing-0 << Age: 3306
2019-12-12 13:58:41,562 DEBUG [main] headers:125 - http-outgoing-0 << Alt-Svc: quic=":443"; ma=2592000; v="46,43",h3-Q050=":443"; ma=2592000,h3-Q049=":443"; ma=2592000,h3-Q048=":443"; ma=2592000,h3-Q046=":443"; ma=2592000,h3-Q043=":443"; ma=2592000
2019-12-12 13:58:41,571 DEBUG [main] MainClientExec:285 - Connection can be kept alive indefinitely
2019-12-12 13:58:41,608 DEBUG [main] PoolingHttpClientConnectionManager:341 - Connection [id: 0][route: {s}->https://chromedriver.storage.googleapis.com:443] can be kept alive indefinitely
2019-12-12 13:58:41,608 DEBUG [main] DefaultManagedHttpClientConnection:88 - http-outgoing-0: set socket timeout to 0
2019-12-12 13:58:41,609 DEBUG [main] PoolingHttpClientConnectionManager:348 - Connection released: [id: 0][route: {s}->https://chromedriver.storage.googleapis.com:443][total kept alive: 1; route allocated: 1 of 2; total allocated: 1 of 20]
